mode: set
github.com/syntropy-cc/syntropy-cooperative-grid/manager/interfaces/cli/setup/src/api_integration.go:26.42,46.2 7 1
github.com/syntropy-cc/syntropy-cooperative-grid/manager/interfaces/cli/setup/src/api_integration.go:49.155,70.16 4 0
github.com/syntropy-cc/syntropy-cooperative-grid/manager/interfaces/cli/setup/src/api_integration.go:70.16,76.3 2 0
github.com/syntropy-cc/syntropy-cooperative-grid/manager/interfaces/cli/setup/src/api_integration.go:78.2,84.20 2 0
github.com/syntropy-cc/syntropy-cooperative-grid/manager/interfaces/cli/setup/src/api_integration.go:88.134,113.16 4 0
github.com/syntropy-cc/syntropy-cooperative-grid/manager/interfaces/cli/setup/src/api_integration.go:113.16,119.3 2 0
github.com/syntropy-cc/syntropy-cooperative-grid/manager/interfaces/cli/setup/src/api_integration.go:121.2,129.20 2 0
github.com/syntropy-cc/syntropy-cooperative-grid/manager/interfaces/cli/setup/src/api_integration.go:133.154,162.16 4 0
github.com/syntropy-cc/syntropy-cooperative-grid/manager/interfaces/cli/setup/src/api_integration.go:162.16,168.3 2 0
github.com/syntropy-cc/syntropy-cooperative-grid/manager/interfaces/cli/setup/src/api_integration.go:170.2,175.20 2 0
github.com/syntropy-cc/syntropy-cooperative-grid/manager/interfaces/cli/setup/src/api_integration.go:179.131,198.16 4 0
github.com/syntropy-cc/syntropy-cooperative-grid/manager/interfaces/cli/setup/src/api_integration.go:198.16,204.3 2 0
github.com/syntropy-cc/syntropy-cooperative-grid/manager/interfaces/cli/setup/src/api_integration.go:206.2,213.20 2 0
github.com/syntropy-cc/syntropy-cooperative-grid/manager/interfaces/cli/setup/src/api_integration.go:217.103,224.16 3 1
github.com/syntropy-cc/syntropy-cooperative-grid/manager/interfaces/cli/setup/src/api_integration.go:224.16,230.3 2 0
github.com/syntropy-cc/syntropy-cooperative-grid/manager/interfaces/cli/setup/src/api_integration.go:232.2,232.20 1 1
github.com/syntropy-cc/syntropy-cooperative-grid/manager/interfaces/cli/setup/src/api_integration.go:236.73,254.16 4 1
github.com/syntropy-cc/syntropy-cooperative-grid/manager/interfaces/cli/setup/src/api_integration.go:254.16,260.3 2 0
github.com/syntropy-cc/syntropy-cooperative-grid/manager/interfaces/cli/setup/src/api_integration.go:262.2,266.12 2 1
github.com/syntropy-cc/syntropy-cooperative-grid/manager/interfaces/cli/setup/src/api_integration.go:270.134,295.16 4 0
github.com/syntropy-cc/syntropy-cooperative-grid/manager/interfaces/cli/setup/src/api_integration.go:295.16,301.3 2 0
github.com/syntropy-cc/syntropy-cooperative-grid/manager/interfaces/cli/setup/src/api_integration.go:303.2,308.20 2 0
github.com/syntropy-cc/syntropy-cooperative-grid/manager/interfaces/cli/setup/src/api_integration.go:312.126,321.16 3 0
github.com/syntropy-cc/syntropy-cooperative-grid/manager/interfaces/cli/setup/src/api_integration.go:321.16,327.3 2 0
github.com/syntropy-cc/syntropy-cooperative-grid/manager/interfaces/cli/setup/src/api_integration.go:329.2,329.22 1 0
github.com/syntropy-cc/syntropy-cooperative-grid/manager/interfaces/cli/setup/src/api_integration.go:333.33,335.2 1 1
github.com/syntropy-cc/syntropy-cooperative-grid/manager/interfaces/cli/setup/src/configuration_linux.go:20.108,35.27 5 1
github.com/syntropy-cc/syntropy-cooperative-grid/manager/interfaces/cli/setup/src/configuration_linux.go:35.27,37.3 1 1
github.com/syntropy-cc/syntropy-cooperative-grid/manager/interfaces/cli/setup/src/configuration_linux.go:40.2,48.27 2 1
github.com/syntropy-cc/syntropy-cooperative-grid/manager/interfaces/cli/setup/src/configuration_linux.go:48.27,50.17 2 1
github.com/syntropy-cc/syntropy-cooperative-grid/manager/interfaces/cli/setup/src/configuration_linux.go:50.17,52.4 1 0
github.com/syntropy-cc/syntropy-cooperative-grid/manager/interfaces/cli/setup/src/configuration_linux.go:56.2,57.16 2 1
github.com/syntropy-cc/syntropy-cooperative-grid/manager/interfaces/cli/setup/src/configuration_linux.go:57.16,59.3 1 0
github.com/syntropy-cc/syntropy-cooperative-grid/manager/interfaces/cli/setup/src/configuration_linux.go:62.2,99.30 5 1
github.com/syntropy-cc/syntropy-cooperative-grid/manager/interfaces/cli/setup/src/configuration_linux.go:99.30,102.81 2 1
github.com/syntropy-cc/syntropy-cooperative-grid/manager/interfaces/cli/setup/src/configuration_linux.go:102.81,104.4 1 0
github.com/syntropy-cc/syntropy-cooperative-grid/manager/interfaces/cli/setup/src/configuration_linux.go:106.3,108.17 3 1
github.com/syntropy-cc/syntropy-cooperative-grid/manager/interfaces/cli/setup/src/configuration_linux.go:108.17,110.4 1 0
github.com/syntropy-cc/syntropy-cooperative-grid/manager/interfaces/cli/setup/src/configuration_linux.go:113.2,114.16 2 1
github.com/syntropy-cc/syntropy-cooperative-grid/manager/interfaces/cli/setup/src/configuration_linux.go:114.16,116.3 1 0
github.com/syntropy-cc/syntropy-cooperative-grid/manager/interfaces/cli/setup/src/configuration_linux.go:119.2,119.84 1 1
github.com/syntropy-cc/syntropy-cooperative-grid/manager/interfaces/cli/setup/src/configuration_linux.go:119.84,121.3 1 0
github.com/syntropy-cc/syntropy-cooperative-grid/manager/interfaces/cli/setup/src/configuration_linux.go:123.2,124.16 2 1
github.com/syntropy-cc/syntropy-cooperative-grid/manager/interfaces/cli/setup/src/configuration_linux.go:124.16,126.3 1 0
github.com/syntropy-cc/syntropy-cooperative-grid/manager/interfaces/cli/setup/src/configuration_linux.go:129.2,129.79 1 1
github.com/syntropy-cc/syntropy-cooperative-grid/manager/interfaces/cli/setup/src/configuration_linux.go:129.79,131.3 1 0
github.com/syntropy-cc/syntropy-cooperative-grid/manager/interfaces/cli/setup/src/configuration_linux.go:133.2,136.49 2 1
github.com/syntropy-cc/syntropy-cooperative-grid/manager/interfaces/cli/setup/src/configuration_linux.go:136.49,146.17 5 0
github.com/syntropy-cc/syntropy-cooperative-grid/manager/interfaces/cli/setup/src/configuration_linux.go:146.17,148.4 1 0
github.com/syntropy-cc/syntropy-cooperative-grid/manager/interfaces/cli/setup/src/configuration_linux.go:148.9,150.4 1 0
github.com/syntropy-cc/syntropy-cooperative-grid/manager/interfaces/cli/setup/src/configuration_linux.go:153.2,153.12 1 1
github.com/syntropy-cc/syntropy-cooperative-grid/manager/interfaces/cli/setup/src/performance.go:22.68,23.21 1 0
github.com/syntropy-cc/syntropy-cooperative-grid/manager/interfaces/cli/setup/src/performance.go:23.21,25.3 1 0
github.com/syntropy-cc/syntropy-cooperative-grid/manager/interfaces/cli/setup/src/performance.go:27.2,30.28 1 0
github.com/syntropy-cc/syntropy-cooperative-grid/manager/interfaces/cli/setup/src/performance.go:30.28,32.5 1 0
github.com/syntropy-cc/syntropy-cooperative-grid/manager/interfaces/cli/setup/src/performance.go:35.28,37.5 1 0
github.com/syntropy-cc/syntropy-cooperative-grid/manager/interfaces/cli/setup/src/performance.go:40.28,42.5 1 0
github.com/syntropy-cc/syntropy-cooperative-grid/manager/interfaces/cli/setup/src/performance.go:48.104,51.15 2 0
github.com/syntropy-cc/syntropy-cooperative-grid/manager/interfaces/cli/setup/src/performance.go:51.15,51.34 1 0
github.com/syntropy-cc/syntropy-cooperative-grid/manager/interfaces/cli/setup/src/performance.go:54.2,70.71 6 0
github.com/syntropy-cc/syntropy-cooperative-grid/manager/interfaces/cli/setup/src/performance.go:70.71,74.3 3 0
github.com/syntropy-cc/syntropy-cooperative-grid/manager/interfaces/cli/setup/src/performance.go:76.2,78.20 3 0
github.com/syntropy-cc/syntropy-cooperative-grid/manager/interfaces/cli/setup/src/performance.go:82.137,89.12 4 0
github.com/syntropy-cc/syntropy-cooperative-grid/manager/interfaces/cli/setup/src/performance.go:89.12,91.62 2 0
github.com/syntropy-cc/syntropy-cooperative-grid/manager/interfaces/cli/setup/src/performance.go:91.62,93.4 1 0
github.com/syntropy-cc/syntropy-cooperative-grid/manager/interfaces/cli/setup/src/performance.go:97.2,98.12 2 0
github.com/syntropy-cc/syntropy-cooperative-grid/manager/interfaces/cli/setup/src/performance.go:98.12,100.72 2 0
github.com/syntropy-cc/syntropy-cooperative-grid/manager/interfaces/cli/setup/src/performance.go:100.72,102.4 1 0
github.com/syntropy-cc/syntropy-cooperative-grid/manager/interfaces/cli/setup/src/performance.go:106.2,106.28 1 0
github.com/syntropy-cc/syntropy-cooperative-grid/manager/interfaces/cli/setup/src/performance.go:106.28,108.13 2 0
github.com/syntropy-cc/syntropy-cooperative-grid/manager/interfaces/cli/setup/src/performance.go:108.13,110.68 2 0
github.com/syntropy-cc/syntropy-cooperative-grid/manager/interfaces/cli/setup/src/performance.go:110.68,112.5 1 0
github.com/syntropy-cc/syntropy-cooperative-grid/manager/interfaces/cli/setup/src/performance.go:117.2,121.27 3 0
github.com/syntropy-cc/syntropy-cooperative-grid/manager/interfaces/cli/setup/src/performance.go:121.27,122.17 1 0
github.com/syntropy-cc/syntropy-cooperative-grid/manager/interfaces/cli/setup/src/performance.go:122.17,124.4 1 0
github.com/syntropy-cc/syntropy-cooperative-grid/manager/interfaces/cli/setup/src/performance.go:127.2,127.12 1 0
github.com/syntropy-cc/syntropy-cooperative-grid/manager/interfaces/cli/setup/src/performance.go:131.89,136.2 2 0
github.com/syntropy-cc/syntropy-cooperative-grid/manager/interfaces/cli/setup/src/performance.go:139.118,144.2 2 0
github.com/syntropy-cc/syntropy-cooperative-grid/manager/interfaces/cli/setup/src/performance.go:147.113,152.2 2 0
github.com/syntropy-cc/syntropy-cooperative-grid/manager/interfaces/cli/setup/src/performance.go:155.108,156.27 1 0
github.com/syntropy-cc/syntropy-cooperative-grid/manager/interfaces/cli/setup/src/performance.go:156.27,158.3 1 0
github.com/syntropy-cc/syntropy-cooperative-grid/manager/interfaces/cli/setup/src/performance.go:160.2,164.38 4 0
github.com/syntropy-cc/syntropy-cooperative-grid/manager/interfaces/cli/setup/src/performance.go:164.38,166.47 2 0
github.com/syntropy-cc/syntropy-cooperative-grid/manager/interfaces/cli/setup/src/performance.go:166.47,170.18 4 0
github.com/syntropy-cc/syntropy-cooperative-grid/manager/interfaces/cli/setup/src/performance.go:170.18,172.5 1 0
github.com/syntropy-cc/syntropy-cooperative-grid/manager/interfaces/cli/setup/src/performance.go:176.2,181.27 4 0
github.com/syntropy-cc/syntropy-cooperative-grid/manager/interfaces/cli/setup/src/performance.go:181.27,183.3 1 0
github.com/syntropy-cc/syntropy-cooperative-grid/manager/interfaces/cli/setup/src/performance.go:185.2,185.21 1 0
github.com/syntropy-cc/syntropy-cooperative-grid/manager/interfaces/cli/setup/src/performance.go:185.21,187.3 1 0
github.com/syntropy-cc/syntropy-cooperative-grid/manager/interfaces/cli/setup/src/performance.go:189.2,189.21 1 0
github.com/syntropy-cc/syntropy-cooperative-grid/manager/interfaces/cli/setup/src/performance.go:193.80,201.2 1 0
github.com/syntropy-cc/syntropy-cooperative-grid/manager/interfaces/cli/setup/src/performance.go:204.33,208.2 3 0
github.com/syntropy-cc/syntropy-cooperative-grid/manager/interfaces/cli/setup/src/performance.go:211.115,212.25 1 0
github.com/syntropy-cc/syntropy-cooperative-grid/manager/interfaces/cli/setup/src/performance.go:212.25,214.3 1 0
github.com/syntropy-cc/syntropy-cooperative-grid/manager/interfaces/cli/setup/src/performance.go:216.2,217.42 2 0
github.com/syntropy-cc/syntropy-cooperative-grid/manager/interfaces/cli/setup/src/performance.go:221.95,222.21 1 0
github.com/syntropy-cc/syntropy-cooperative-grid/manager/interfaces/cli/setup/src/performance.go:222.21,224.3 1 0
github.com/syntropy-cc/syntropy-cooperative-grid/manager/interfaces/cli/setup/src/performance.go:225.2,225.25 1 0
github.com/syntropy-cc/syntropy-cooperative-grid/manager/interfaces/cli/setup/src/performance.go:225.25,227.3 1 0
github.com/syntropy-cc/syntropy-cooperative-grid/manager/interfaces/cli/setup/src/performance.go:230.2,231.29 2 0
github.com/syntropy-cc/syntropy-cooperative-grid/manager/interfaces/cli/setup/src/performance.go:231.29,238.3 1 0
github.com/syntropy-cc/syntropy-cooperative-grid/manager/interfaces/cli/setup/src/performance.go:240.2,244.16 4 0
github.com/syntropy-cc/syntropy-cooperative-grid/manager/interfaces/cli/setup/src/performance.go:244.16,246.3 1 0
github.com/syntropy-cc/syntropy-cooperative-grid/manager/interfaces/cli/setup/src/performance.go:248.2,249.33 2 0
github.com/syntropy-cc/syntropy-cooperative-grid/manager/interfaces/cli/setup/src/performance.go:249.33,250.38 1 0
github.com/syntropy-cc/syntropy-cooperative-grid/manager/interfaces/cli/setup/src/performance.go:250.38,252.4 1 0
github.com/syntropy-cc/syntropy-cooperative-grid/manager/interfaces/cli/setup/src/performance.go:255.2,256.43 2 0
github.com/syntropy-cc/syntropy-cooperative-grid/manager/interfaces/cli/setup/src/security.go:26.48,32.2 1 1
github.com/syntropy-cc/syntropy-cooperative-grid/manager/interfaces/cli/setup/src/security.go:35.78,36.16 1 1
github.com/syntropy-cc/syntropy-cooperative-grid/manager/interfaces/cli/setup/src/security.go:36.16,38.3 1 0
github.com/syntropy-cc/syntropy-cooperative-grid/manager/interfaces/cli/setup/src/security.go:41.2,41.34 1 1
github.com/syntropy-cc/syntropy-cooperative-grid/manager/interfaces/cli/setup/src/security.go:41.34,43.3 1 0
github.com/syntropy-cc/syntropy-cooperative-grid/manager/interfaces/cli/setup/src/security.go:46.2,51.43 2 1
github.com/syntropy-cc/syntropy-cooperative-grid/manager/interfaces/cli/setup/src/security.go:51.43,52.75 1 1
github.com/syntropy-cc/syntropy-cooperative-grid/manager/interfaces/cli/setup/src/security.go:52.75,54.4 1 0
github.com/syntropy-cc/syntropy-cooperative-grid/manager/interfaces/cli/setup/src/security.go:58.2,58.44 1 1
github.com/syntropy-cc/syntropy-cooperative-grid/manager/interfaces/cli/setup/src/security.go:58.44,63.53 4 0
github.com/syntropy-cc/syntropy-cooperative-grid/manager/interfaces/cli/setup/src/security.go:63.53,65.4 1 0
github.com/syntropy-cc/syntropy-cooperative-grid/manager/interfaces/cli/setup/src/security.go:68.2,68.12 1 1
github.com/syntropy-cc/syntropy-cooperative-grid/manager/interfaces/cli/setup/src/security.go:72.78,86.31 3 0
github.com/syntropy-cc/syntropy-cooperative-grid/manager/interfaces/cli/setup/src/security.go:86.31,88.3 1 0
github.com/syntropy-cc/syntropy-cooperative-grid/manager/interfaces/cli/setup/src/security.go:91.2,93.42 3 0
github.com/syntropy-cc/syntropy-cooperative-grid/manager/interfaces/cli/setup/src/security.go:93.42,94.42 1 0
github.com/syntropy-cc/syntropy-cooperative-grid/manager/interfaces/cli/setup/src/security.go:94.42,96.9 2 0
github.com/syntropy-cc/syntropy-cooperative-grid/manager/interfaces/cli/setup/src/security.go:100.2,100.15 1 0
github.com/syntropy-cc/syntropy-cooperative-grid/manager/interfaces/cli/setup/src/security.go:100.15,102.3 1 0
github.com/syntropy-cc/syntropy-cooperative-grid/manager/interfaces/cli/setup/src/security.go:104.2,104.12 1 0
github.com/syntropy-cc/syntropy-cooperative-grid/manager/interfaces/cli/setup/src/security.go:108.85,109.22 1 0
github.com/syntropy-cc/syntropy-cooperative-grid/manager/interfaces/cli/setup/src/security.go:109.22,111.3 1 0
github.com/syntropy-cc/syntropy-cooperative-grid/manager/interfaces/cli/setup/src/security.go:114.2,120.37 3 0
github.com/syntropy-cc/syntropy-cooperative-grid/manager/interfaces/cli/setup/src/security.go:120.37,121.24 1 0
github.com/syntropy-cc/syntropy-cooperative-grid/manager/interfaces/cli/setup/src/security.go:121.24,123.4 1 0
github.com/syntropy-cc/syntropy-cooperative-grid/manager/interfaces/cli/setup/src/security.go:127.2,127.25 1 0
github.com/syntropy-cc/syntropy-cooperative-grid/manager/interfaces/cli/setup/src/security.go:127.25,129.3 1 0
github.com/syntropy-cc/syntropy-cooperative-grid/manager/interfaces/cli/setup/src/security.go:132.2,132.47 1 0
github.com/syntropy-cc/syntropy-cooperative-grid/manager/interfaces/cli/setup/src/security.go:132.47,134.3 1 0
github.com/syntropy-cc/syntropy-cooperative-grid/manager/interfaces/cli/setup/src/security.go:136.2,136.12 1 0
github.com/syntropy-cc/syntropy-cooperative-grid/manager/interfaces/cli/setup/src/security.go:140.63,141.18 1 0
github.com/syntropy-cc/syntropy-cooperative-grid/manager/interfaces/cli/setup/src/security.go:141.18,143.3 1 0
github.com/syntropy-cc/syntropy-cooperative-grid/manager/interfaces/cli/setup/src/security.go:145.2,146.16 2 0
github.com/syntropy-cc/syntropy-cooperative-grid/manager/interfaces/cli/setup/src/security.go:146.16,148.3 1 0
github.com/syntropy-cc/syntropy-cooperative-grid/manager/interfaces/cli/setup/src/security.go:151.2,152.42 2 0
github.com/syntropy-cc/syntropy-cooperative-grid/manager/interfaces/cli/setup/src/security.go:152.42,153.33 1 0
github.com/syntropy-cc/syntropy-cooperative-grid/manager/interfaces/cli/setup/src/security.go:153.33,155.4 1 0
github.com/syntropy-cc/syntropy-cooperative-grid/manager/interfaces/cli/setup/src/security.go:159.2,166.43 3 0
github.com/syntropy-cc/syntropy-cooperative-grid/manager/interfaces/cli/setup/src/security.go:166.43,167.66 1 0
github.com/syntropy-cc/syntropy-cooperative-grid/manager/interfaces/cli/setup/src/security.go:167.66,169.4 1 0
github.com/syntropy-cc/syntropy-cooperative-grid/manager/interfaces/cli/setup/src/security.go:173.2,173.28 1 0
github.com/syntropy-cc/syntropy-cooperative-grid/manager/interfaces/cli/setup/src/security.go:173.28,175.38 2 0
github.com/syntropy-cc/syntropy-cooperative-grid/manager/interfaces/cli/setup/src/security.go:175.38,176.32 1 0
github.com/syntropy-cc/syntropy-cooperative-grid/manager/interfaces/cli/setup/src/security.go:176.32,178.5 1 0
github.com/syntropy-cc/syntropy-cooperative-grid/manager/interfaces/cli/setup/src/security.go:182.2,182.12 1 0
github.com/syntropy-cc/syntropy-cooperative-grid/manager/interfaces/cli/setup/src/security.go:186.73,187.18 1 1
github.com/syntropy-cc/syntropy-cooperative-grid/manager/interfaces/cli/setup/src/security.go:187.18,189.3 1 0
github.com/syntropy-cc/syntropy-cooperative-grid/manager/interfaces/cli/setup/src/security.go:192.2,199.44 3 1
github.com/syntropy-cc/syntropy-cooperative-grid/manager/interfaces/cli/setup/src/security.go:199.44,200.45 1 1
github.com/syntropy-cc/syntropy-cooperative-grid/manager/interfaces/cli/setup/src/security.go:200.45,202.4 1 0
github.com/syntropy-cc/syntropy-cooperative-grid/manager/interfaces/cli/setup/src/security.go:206.2,212.43 2 1
github.com/syntropy-cc/syntropy-cooperative-grid/manager/interfaces/cli/setup/src/security.go:212.43,213.45 1 1
github.com/syntropy-cc/syntropy-cooperative-grid/manager/interfaces/cli/setup/src/security.go:213.45,215.4 1 0
github.com/syntropy-cc/syntropy-cooperative-grid/manager/interfaces/cli/setup/src/security.go:218.2,218.12 1 1
github.com/syntropy-cc/syntropy-cooperative-grid/manager/interfaces/cli/setup/src/security.go:222.81,229.60 4 0
github.com/syntropy-cc/syntropy-cooperative-grid/manager/interfaces/cli/setup/src/security.go:229.60,230.41 1 0
github.com/syntropy-cc/syntropy-cooperative-grid/manager/interfaces/cli/setup/src/security.go:230.41,232.4 1 0
github.com/syntropy-cc/syntropy-cooperative-grid/manager/interfaces/cli/setup/src/security.go:234.3,236.37 3 0
github.com/syntropy-cc/syntropy-cooperative-grid/manager/interfaces/cli/setup/src/security.go:240.2,240.59 1 0
github.com/syntropy-cc/syntropy-cooperative-grid/manager/interfaces/cli/setup/src/security.go:240.59,241.27 1 0
github.com/syntropy-cc/syntropy-cooperative-grid/manager/interfaces/cli/setup/src/security.go:241.27,244.4 2 0
github.com/syntropy-cc/syntropy-cooperative-grid/manager/interfaces/cli/setup/src/security.go:247.2,247.12 1 0
github.com/syntropy-cc/syntropy-cooperative-grid/manager/interfaces/cli/setup/src/security.go:251.69,254.2 2 0
github.com/syntropy-cc/syntropy-cooperative-grid/manager/interfaces/cli/setup/src/security.go:257.73,261.2 3 0
github.com/syntropy-cc/syntropy-cooperative-grid/manager/interfaces/cli/setup/src/security.go:264.77,265.31 1 0
github.com/syntropy-cc/syntropy-cooperative-grid/manager/interfaces/cli/setup/src/security.go:265.31,268.3 1 0
github.com/syntropy-cc/syntropy-cooperative-grid/manager/interfaces/cli/setup/src/security.go:270.2,271.16 2 0
github.com/syntropy-cc/syntropy-cooperative-grid/manager/interfaces/cli/setup/src/security.go:271.16,273.3 1 0
github.com/syntropy-cc/syntropy-cooperative-grid/manager/interfaces/cli/setup/src/security.go:275.2,278.20 2 0
github.com/syntropy-cc/syntropy-cooperative-grid/manager/interfaces/cli/setup/src/security.go:278.20,280.3 1 0
github.com/syntropy-cc/syntropy-cooperative-grid/manager/interfaces/cli/setup/src/security.go:282.2,282.12 1 0
github.com/syntropy-cc/syntropy-cooperative-grid/manager/interfaces/cli/setup/src/security.go:286.78,287.31 1 1
github.com/syntropy-cc/syntropy-cooperative-grid/manager/interfaces/cli/setup/src/security.go:287.31,290.3 1 0
github.com/syntropy-cc/syntropy-cooperative-grid/manager/interfaces/cli/setup/src/security.go:292.2,292.33 1 1
github.com/syntropy-cc/syntropy-cooperative-grid/manager/interfaces/cli/setup/src/security.go:296.76,297.17 1 0
github.com/syntropy-cc/syntropy-cooperative-grid/manager/interfaces/cli/setup/src/security.go:297.17,299.3 1 0
github.com/syntropy-cc/syntropy-cooperative-grid/manager/interfaces/cli/setup/src/security.go:301.2,303.16 3 0
github.com/syntropy-cc/syntropy-cooperative-grid/manager/interfaces/cli/setup/src/security.go:303.16,305.3 1 0
github.com/syntropy-cc/syntropy-cooperative-grid/manager/interfaces/cli/setup/src/security.go:307.2,307.17 1 0
github.com/syntropy-cc/syntropy-cooperative-grid/manager/interfaces/cli/setup/src/security.go:311.68,312.19 1 0
github.com/syntropy-cc/syntropy-cooperative-grid/manager/interfaces/cli/setup/src/security.go:312.19,314.3 1 0
github.com/syntropy-cc/syntropy-cooperative-grid/manager/interfaces/cli/setup/src/security.go:317.2,318.24 2 0
github.com/syntropy-cc/syntropy-cooperative-grid/manager/interfaces/cli/setup/src/security.go:318.24,319.13 1 0
github.com/syntropy-cc/syntropy-cooperative-grid/manager/interfaces/cli/setup/src/security.go:319.13,321.4 1 0
github.com/syntropy-cc/syntropy-cooperative-grid/manager/interfaces/cli/setup/src/security.go:325.2,325.28 1 0
github.com/syntropy-cc/syntropy-cooperative-grid/manager/interfaces/cli/setup/src/security.go:325.28,327.3 1 0
github.com/syntropy-cc/syntropy-cooperative-grid/manager/interfaces/cli/setup/src/security.go:329.2,329.12 1 0
github.com/syntropy-cc/syntropy-cooperative-grid/manager/interfaces/cli/setup/src/security.go:333.68,346.44 8 0
github.com/syntropy-cc/syntropy-cooperative-grid/manager/interfaces/cli/setup/src/security.go:346.44,347.60 1 0
github.com/syntropy-cc/syntropy-cooperative-grid/manager/interfaces/cli/setup/src/security.go:347.60,349.9 2 0
github.com/syntropy-cc/syntropy-cooperative-grid/manager/interfaces/cli/setup/src/security.go:353.2,353.18 1 0
github.com/syntropy-cc/syntropy-cooperative-grid/manager/interfaces/cli/setup/src/security.go:357.70,364.48 4 0
github.com/syntropy-cc/syntropy-cooperative-grid/manager/interfaces/cli/setup/src/security.go:364.48,365.23 1 0
github.com/syntropy-cc/syntropy-cooperative-grid/manager/interfaces/cli/setup/src/security.go:365.23,367.4 1 0
github.com/syntropy-cc/syntropy-cooperative-grid/manager/interfaces/cli/setup/src/security.go:371.2,371.44 1 0
github.com/syntropy-cc/syntropy-cooperative-grid/manager/interfaces/cli/setup/src/security.go:371.44,372.21 1 0
github.com/syntropy-cc/syntropy-cooperative-grid/manager/interfaces/cli/setup/src/security.go:372.21,374.4 1 0
github.com/syntropy-cc/syntropy-cooperative-grid/manager/interfaces/cli/setup/src/security.go:377.2,377.53 1 0
github.com/syntropy-cc/syntropy-cooperative-grid/manager/interfaces/cli/setup/src/security.go:381.85,383.16 2 0
github.com/syntropy-cc/syntropy-cooperative-grid/manager/interfaces/cli/setup/src/security.go:383.16,385.3 1 0
github.com/syntropy-cc/syntropy-cooperative-grid/manager/interfaces/cli/setup/src/security.go:387.2,388.53 2 0
github.com/syntropy-cc/syntropy-cooperative-grid/manager/interfaces/cli/setup/src/security.go:392.88,394.16 2 0
github.com/syntropy-cc/syntropy-cooperative-grid/manager/interfaces/cli/setup/src/security.go:394.16,396.3 1 0
github.com/syntropy-cc/syntropy-cooperative-grid/manager/interfaces/cli/setup/src/security.go:398.2,398.40 1 0
github.com/syntropy-cc/syntropy-cooperative-grid/manager/interfaces/cli/setup/src/security.go:398.40,400.3 1 0
github.com/syntropy-cc/syntropy-cooperative-grid/manager/interfaces/cli/setup/src/security.go:402.2,402.12 1 0
github.com/syntropy-cc/syntropy-cooperative-grid/manager/interfaces/cli/setup/src/security.go:406.54,407.31 1 1
github.com/syntropy-cc/syntropy-cooperative-grid/manager/interfaces/cli/setup/src/security.go:407.31,410.3 1 0
github.com/syntropy-cc/syntropy-cooperative-grid/manager/interfaces/cli/setup/src/security.go:411.2,411.25 1 1
github.com/syntropy-cc/syntropy-cooperative-grid/manager/interfaces/cli/setup/src/security.go:415.58,417.27 1 1
github.com/syntropy-cc/syntropy-cooperative-grid/manager/interfaces/cli/setup/src/security.go:417.27,419.3 1 0
github.com/syntropy-cc/syntropy-cooperative-grid/manager/interfaces/cli/setup/src/security.go:422.2,423.40 2 1
github.com/syntropy-cc/syntropy-cooperative-grid/manager/interfaces/cli/setup/src/security.go:423.40,424.47 1 1
github.com/syntropy-cc/syntropy-cooperative-grid/manager/interfaces/cli/setup/src/security.go:424.47,426.72 1 1
github.com/syntropy-cc/syntropy-cooperative-grid/manager/interfaces/cli/setup/src/security.go:426.72,428.5 1 0
github.com/syntropy-cc/syntropy-cooperative-grid/manager/interfaces/cli/setup/src/security.go:432.2,432.12 1 1
github.com/syntropy-cc/syntropy-cooperative-grid/manager/interfaces/cli/setup/src/setup.go:27.68,34.64 3 1
github.com/syntropy-cc/syntropy-cooperative-grid/manager/interfaces/cli/setup/src/setup.go:34.64,36.3 1 0
github.com/syntropy-cc/syntropy-cooperative-grid/manager/interfaces/cli/setup/src/setup.go:39.2,39.79 1 1
github.com/syntropy-cc/syntropy-cooperative-grid/manager/interfaces/cli/setup/src/setup.go:39.79,41.3 1 0
github.com/syntropy-cc/syntropy-cooperative-grid/manager/interfaces/cli/setup/src/setup.go:42.2,42.76 1 1
github.com/syntropy-cc/syntropy-cooperative-grid/manager/interfaces/cli/setup/src/setup.go:42.76,44.3 1 0
github.com/syntropy-cc/syntropy-cooperative-grid/manager/interfaces/cli/setup/src/setup.go:47.2,55.23 4 1
github.com/syntropy-cc/syntropy-cooperative-grid/manager/interfaces/cli/setup/src/setup.go:55.23,57.23 2 1
github.com/syntropy-cc/syntropy-cooperative-grid/manager/interfaces/cli/setup/src/setup.go:58.18,59.32 1 0
github.com/syntropy-cc/syntropy-cooperative-grid/manager/interfaces/cli/setup/src/setup.go:60.16,61.34 1 1
github.com/syntropy-cc/syntropy-cooperative-grid/manager/interfaces/cli/setup/src/setup.go:62.17,63.31 1 0
github.com/syntropy-cc/syntropy-cooperative-grid/manager/interfaces/cli/setup/src/setup.go:64.11,65.69 1 0
github.com/syntropy-cc/syntropy-cooperative-grid/manager/interfaces/cli/setup/src/setup.go:70.2,71.16 2 0
github.com/syntropy-cc/syntropy-cooperative-grid/manager/interfaces/cli/setup/src/setup.go:71.16,74.23 2 0
github.com/syntropy-cc/syntropy-cooperative-grid/manager/interfaces/cli/setup/src/setup.go:75.18,76.32 1 0
github.com/syntropy-cc/syntropy-cooperative-grid/manager/interfaces/cli/setup/src/setup.go:77.16,78.34 1 0
github.com/syntropy-cc/syntropy-cooperative-grid/manager/interfaces/cli/setup/src/setup.go:79.17,80.31 1 0
github.com/syntropy-cc/syntropy-cooperative-grid/manager/interfaces/cli/setup/src/setup.go:81.11,82.69 1 0
github.com/syntropy-cc/syntropy-cooperative-grid/manager/interfaces/cli/setup/src/setup.go:87.2,87.50 1 0
github.com/syntropy-cc/syntropy-cooperative-grid/manager/interfaces/cli/setup/src/setup.go:91.69,99.16 4 1
github.com/syntropy-cc/syntropy-cooperative-grid/manager/interfaces/cli/setup/src/setup.go:99.16,102.23 2 0
github.com/syntropy-cc/syntropy-cooperative-grid/manager/interfaces/cli/setup/src/setup.go:103.18,104.33 1 0
github.com/syntropy-cc/syntropy-cooperative-grid/manager/interfaces/cli/setup/src/setup.go:105.16,106.31 1 0
github.com/syntropy-cc/syntropy-cooperative-grid/manager/interfaces/cli/setup/src/setup.go:107.17,108.69 1 0
github.com/syntropy-cc/syntropy-cooperative-grid/manager/interfaces/cli/setup/src/setup.go:109.11,110.69 1 0
github.com/syntropy-cc/syntropy-cooperative-grid/manager/interfaces/cli/setup/src/setup.go:115.2,115.48 1 1
github.com/syntropy-cc/syntropy-cooperative-grid/manager/interfaces/cli/setup/src/setup.go:119.68,127.16 4 1
github.com/syntropy-cc/syntropy-cooperative-grid/manager/interfaces/cli/setup/src/setup.go:127.16,130.23 2 0
github.com/syntropy-cc/syntropy-cooperative-grid/manager/interfaces/cli/setup/src/setup.go:131.18,132.32 1 0
github.com/syntropy-cc/syntropy-cooperative-grid/manager/interfaces/cli/setup/src/setup.go:133.16,134.30 1 0
github.com/syntropy-cc/syntropy-cooperative-grid/manager/interfaces/cli/setup/src/setup.go:135.17,136.69 1 0
github.com/syntropy-cc/syntropy-cooperative-grid/manager/interfaces/cli/setup/src/setup.go:137.11,138.69 1 0
github.com/syntropy-cc/syntropy-cooperative-grid/manager/interfaces/cli/setup/src/setup.go:143.2,148.8 1 1
github.com/syntropy-cc/syntropy-cooperative-grid/manager/interfaces/cli/setup/src/setup.go:152.30,154.16 2 1
github.com/syntropy-cc/syntropy-cooperative-grid/manager/interfaces/cli/setup/src/setup.go:154.16,157.3 1 0
github.com/syntropy-cc/syntropy-cooperative-grid/manager/interfaces/cli/setup/src/setup.go:159.2,159.22 1 1
github.com/syntropy-cc/syntropy-cooperative-grid/manager/interfaces/cli/setup/src/setup.go:160.17,161.44 1 0
github.com/syntropy-cc/syntropy-cooperative-grid/manager/interfaces/cli/setup/src/setup.go:162.25,163.45 1 1
github.com/syntropy-cc/syntropy-cooperative-grid/manager/interfaces/cli/setup/src/setup.go:164.10,165.45 1 0
github.com/syntropy-cc/syntropy-cooperative-grid/manager/interfaces/cli/setup/src/setup.go:170.74,172.2 1 0
github.com/syntropy-cc/syntropy-cooperative-grid/manager/interfaces/cli/setup/src/setup.go:175.75,177.2 1 0
github.com/syntropy-cc/syntropy-cooperative-grid/manager/interfaces/cli/setup/src/setup.go:180.76,182.2 1 0
github.com/syntropy-cc/syntropy-cooperative-grid/manager/interfaces/cli/setup/src/setup.go:185.75,187.2 1 0
github.com/syntropy-cc/syntropy-cooperative-grid/manager/interfaces/cli/setup/src/setup.go:192.80,203.2 1 1
github.com/syntropy-cc/syntropy-cooperative-grid/manager/interfaces/cli/setup/src/setup.go:206.78,221.2 1 0
github.com/syntropy-cc/syntropy-cooperative-grid/manager/interfaces/cli/setup/src/setup.go:224.56,238.2 2 1
github.com/syntropy-cc/syntropy-cooperative-grid/manager/interfaces/cli/setup/src/setup.go:241.29,245.55 1 1
github.com/syntropy-cc/syntropy-cooperative-grid/manager/interfaces/cli/setup/src/setup.go:245.55,247.3 1 0
github.com/syntropy-cc/syntropy-cooperative-grid/manager/interfaces/cli/setup/src/setup.go:250.2,250.57 1 1
github.com/syntropy-cc/syntropy-cooperative-grid/manager/interfaces/cli/setup/src/setup.go:250.57,252.3 1 0
github.com/syntropy-cc/syntropy-cooperative-grid/manager/interfaces/cli/setup/src/setup.go:256.2,256.13 1 1
github.com/syntropy-cc/syntropy-cooperative-grid/manager/interfaces/cli/setup/src/setup.go:260.83,262.34 2 1
github.com/syntropy-cc/syntropy-cooperative-grid/manager/interfaces/cli/setup/src/setup.go:262.34,264.3 1 0
github.com/syntropy-cc/syntropy-cooperative-grid/manager/interfaces/cli/setup/src/setup.go:266.2,273.3 1 1
github.com/syntropy-cc/syntropy-cooperative-grid/manager/interfaces/cli/setup/src/setup_linux.go:17.77,24.79 3 1
github.com/syntropy-cc/syntropy-cooperative-grid/manager/interfaces/cli/setup/src/setup_linux.go:24.79,26.3 1 0
github.com/syntropy-cc/syntropy-cooperative-grid/manager/interfaces/cli/setup/src/setup_linux.go:27.2,27.76 1 1
github.com/syntropy-cc/syntropy-cooperative-grid/manager/interfaces/cli/setup/src/setup_linux.go:27.76,29.3 1 0
github.com/syntropy-cc/syntropy-cooperative-grid/manager/interfaces/cli/setup/src/setup_linux.go:32.2,32.69 1 1
github.com/syntropy-cc/syntropy-cooperative-grid/manager/interfaces/cli/setup/src/setup_linux.go:32.69,34.3 1 0
github.com/syntropy-cc/syntropy-cooperative-grid/manager/interfaces/cli/setup/src/setup_linux.go:37.2,47.16 4 1
github.com/syntropy-cc/syntropy-cooperative-grid/manager/interfaces/cli/setup/src/setup_linux.go:47.16,51.3 3 0
github.com/syntropy-cc/syntropy-cooperative-grid/manager/interfaces/cli/setup/src/setup_linux.go:53.2,53.47 1 1
github.com/syntropy-cc/syntropy-cooperative-grid/manager/interfaces/cli/setup/src/setup_linux.go:53.47,57.3 3 0
github.com/syntropy-cc/syntropy-cooperative-grid/manager/interfaces/cli/setup/src/setup_linux.go:60.2,61.77 2 1
github.com/syntropy-cc/syntropy-cooperative-grid/manager/interfaces/cli/setup/src/setup_linux.go:61.77,65.3 3 0
github.com/syntropy-cc/syntropy-cooperative-grid/manager/interfaces/cli/setup/src/setup_linux.go:68.2,69.72 2 1
github.com/syntropy-cc/syntropy-cooperative-grid/manager/interfaces/cli/setup/src/setup_linux.go:69.72,73.3 3 0
github.com/syntropy-cc/syntropy-cooperative-grid/manager/interfaces/cli/setup/src/setup_linux.go:76.2,79.30 4 1
github.com/syntropy-cc/syntropy-cooperative-grid/manager/interfaces/cli/setup/src/setup_linux.go:79.30,81.3 1 1
github.com/syntropy-cc/syntropy-cooperative-grid/manager/interfaces/cli/setup/src/setup_linux.go:83.2,87.20 4 1
github.com/syntropy-cc/syntropy-cooperative-grid/manager/interfaces/cli/setup/src/setup_linux.go:91.103,96.54 3 1
github.com/syntropy-cc/syntropy-cooperative-grid/manager/interfaces/cli/setup/src/setup_linux.go:96.54,98.3 1 0
github.com/syntropy-cc/syntropy-cooperative-grid/manager/interfaces/cli/setup/src/setup_linux.go:101.2,102.50 2 1
github.com/syntropy-cc/syntropy-cooperative-grid/manager/interfaces/cli/setup/src/setup_linux.go:102.50,104.3 1 0
github.com/syntropy-cc/syntropy-cooperative-grid/manager/interfaces/cli/setup/src/setup_linux.go:107.2,107.28 1 1
github.com/syntropy-cc/syntropy-cooperative-grid/manager/interfaces/cli/setup/src/setup_linux.go:107.28,108.85 1 0
github.com/syntropy-cc/syntropy-cooperative-grid/manager/interfaces/cli/setup/src/setup_linux.go:108.85,110.4 1 0
github.com/syntropy-cc/syntropy-cooperative-grid/manager/interfaces/cli/setup/src/setup_linux.go:113.2,113.12 1 1
github.com/syntropy-cc/syntropy-cooperative-grid/manager/interfaces/cli/setup/src/setup_linux.go:117.103,121.54 2 0
github.com/syntropy-cc/syntropy-cooperative-grid/manager/interfaces/cli/setup/src/setup_linux.go:121.54,123.3 1 0
github.com/syntropy-cc/syntropy-cooperative-grid/manager/interfaces/cli/setup/src/setup_linux.go:126.2,144.84 3 0
github.com/syntropy-cc/syntropy-cooperative-grid/manager/interfaces/cli/setup/src/setup_linux.go:144.84,146.3 1 0
github.com/syntropy-cc/syntropy-cooperative-grid/manager/interfaces/cli/setup/src/setup_linux.go:149.2,174.92 3 0
github.com/syntropy-cc/syntropy-cooperative-grid/manager/interfaces/cli/setup/src/setup_linux.go:174.92,176.3 1 0
github.com/syntropy-cc/syntropy-cooperative-grid/manager/interfaces/cli/setup/src/setup_linux.go:178.2,182.12 4 0
github.com/syntropy-cc/syntropy-cooperative-grid/manager/interfaces/cli/setup/src/setup_linux.go:186.74,198.16 4 0
github.com/syntropy-cc/syntropy-cooperative-grid/manager/interfaces/cli/setup/src/setup_linux.go:198.16,202.3 3 0
github.com/syntropy-cc/syntropy-cooperative-grid/manager/interfaces/cli/setup/src/setup_linux.go:204.2,205.56 2 0
github.com/syntropy-cc/syntropy-cooperative-grid/manager/interfaces/cli/setup/src/setup_linux.go:205.56,209.3 3 0
github.com/syntropy-cc/syntropy-cooperative-grid/manager/interfaces/cli/setup/src/setup_linux.go:212.2,213.30 2 0
github.com/syntropy-cc/syntropy-cooperative-grid/manager/interfaces/cli/setup/src/setup_linux.go:213.30,215.3 1 0
github.com/syntropy-cc/syntropy-cooperative-grid/manager/interfaces/cli/setup/src/setup_linux.go:217.2,217.55 1 0
github.com/syntropy-cc/syntropy-cooperative-grid/manager/interfaces/cli/setup/src/setup_linux.go:217.55,221.3 3 0
github.com/syntropy-cc/syntropy-cooperative-grid/manager/interfaces/cli/setup/src/setup_linux.go:224.2,224.28 1 0
github.com/syntropy-cc/syntropy-cooperative-grid/manager/interfaces/cli/setup/src/setup_linux.go:224.28,228.35 3 0
github.com/syntropy-cc/syntropy-cooperative-grid/manager/interfaces/cli/setup/src/setup_linux.go:228.35,232.4 3 0
github.com/syntropy-cc/syntropy-cooperative-grid/manager/interfaces/cli/setup/src/setup_linux.go:236.2,244.20 7 0
github.com/syntropy-cc/syntropy-cooperative-grid/manager/interfaces/cli/setup/src/setup_linux.go:248.73,260.16 4 0
github.com/syntropy-cc/syntropy-cooperative-grid/manager/interfaces/cli/setup/src/setup_linux.go:260.16,264.3 3 0
github.com/syntropy-cc/syntropy-cooperative-grid/manager/interfaces/cli/setup/src/setup_linux.go:267.2,267.28 1 0
github.com/syntropy-cc/syntropy-cooperative-grid/manager/interfaces/cli/setup/src/setup_linux.go:267.28,276.49 6 0
github.com/syntropy-cc/syntropy-cooperative-grid/manager/interfaces/cli/setup/src/setup_linux.go:276.49,282.4 4 0
github.com/syntropy-cc/syntropy-cooperative-grid/manager/interfaces/cli/setup/src/setup_linux.go:286.2,287.48 2 0
github.com/syntropy-cc/syntropy-cooperative-grid/manager/interfaces/cli/setup/src/setup_linux.go:287.48,288.51 1 0
github.com/syntropy-cc/syntropy-cooperative-grid/manager/interfaces/cli/setup/src/setup_linux.go:288.51,292.4 3 0
github.com/syntropy-cc/syntropy-cooperative-grid/manager/interfaces/cli/setup/src/setup_linux.go:296.2,301.20 4 0
github.com/syntropy-cc/syntropy-cooperative-grid/manager/interfaces/cli/setup/src/validation_linux.go:22.78,37.50 3 1
github.com/syntropy-cc/syntropy-cooperative-grid/manager/interfaces/cli/setup/src/validation_linux.go:37.50,40.3 2 0
github.com/syntropy-cc/syntropy-cooperative-grid/manager/interfaces/cli/setup/src/validation_linux.go:43.2,43.53 1 1
github.com/syntropy-cc/syntropy-cooperative-grid/manager/interfaces/cli/setup/src/validation_linux.go:43.53,45.3 1 1
github.com/syntropy-cc/syntropy-cooperative-grid/manager/interfaces/cli/setup/src/validation_linux.go:48.2,48.47 1 1
github.com/syntropy-cc/syntropy-cooperative-grid/manager/interfaces/cli/setup/src/validation_linux.go:48.47,51.3 2 0
github.com/syntropy-cc/syntropy-cooperative-grid/manager/interfaces/cli/setup/src/validation_linux.go:54.2,54.56 1 1
github.com/syntropy-cc/syntropy-cooperative-grid/manager/interfaces/cli/setup/src/validation_linux.go:54.56,56.3 1 0
github.com/syntropy-cc/syntropy-cooperative-grid/manager/interfaces/cli/setup/src/validation_linux.go:59.2,59.58 1 1
github.com/syntropy-cc/syntropy-cooperative-grid/manager/interfaces/cli/setup/src/validation_linux.go:59.58,61.3 1 0
github.com/syntropy-cc/syntropy-cooperative-grid/manager/interfaces/cli/setup/src/validation_linux.go:64.2,65.16 2 1
github.com/syntropy-cc/syntropy-cooperative-grid/manager/interfaces/cli/setup/src/validation_linux.go:65.16,68.3 2 0
github.com/syntropy-cc/syntropy-cooperative-grid/manager/interfaces/cli/setup/src/validation_linux.go:68.8,70.3 1 1
github.com/syntropy-cc/syntropy-cooperative-grid/manager/interfaces/cli/setup/src/validation_linux.go:73.2,73.13 1 1
github.com/syntropy-cc/syntropy-cooperative-grid/manager/interfaces/cli/setup/src/validation_linux.go:73.13,75.3 1 1
github.com/syntropy-cc/syntropy-cooperative-grid/manager/interfaces/cli/setup/src/validation_linux.go:77.2,77.20 1 1
github.com/syntropy-cc/syntropy-cooperative-grid/manager/interfaces/cli/setup/src/validation_linux.go:81.62,83.16 2 1
github.com/syntropy-cc/syntropy-cooperative-grid/manager/interfaces/cli/setup/src/validation_linux.go:83.16,85.3 1 0
github.com/syntropy-cc/syntropy-cooperative-grid/manager/interfaces/cli/setup/src/validation_linux.go:87.2,94.42 5 1
github.com/syntropy-cc/syntropy-cooperative-grid/manager/interfaces/cli/setup/src/validation_linux.go:94.42,95.47 1 1
github.com/syntropy-cc/syntropy-cooperative-grid/manager/interfaces/cli/setup/src/validation_linux.go:95.47,97.9 2 1
github.com/syntropy-cc/syntropy-cooperative-grid/manager/interfaces/cli/setup/src/validation_linux.go:101.2,101.22 1 1
github.com/syntropy-cc/syntropy-cooperative-grid/manager/interfaces/cli/setup/src/validation_linux.go:101.22,103.3 1 0
github.com/syntropy-cc/syntropy-cooperative-grid/manager/interfaces/cli/setup/src/validation_linux.go:105.2,105.12 1 1
github.com/syntropy-cc/syntropy-cooperative-grid/manager/interfaces/cli/setup/src/validation_linux.go:109.65,111.23 1 1
github.com/syntropy-cc/syntropy-cooperative-grid/manager/interfaces/cli/setup/src/validation_linux.go:111.23,114.3 2 0
github.com/syntropy-cc/syntropy-cooperative-grid/manager/interfaces/cli/setup/src/validation_linux.go:117.2,120.16 3 1
github.com/syntropy-cc/syntropy-cooperative-grid/manager/interfaces/cli/setup/src/validation_linux.go:120.16,123.3 2 0
github.com/syntropy-cc/syntropy-cooperative-grid/manager/interfaces/cli/setup/src/validation_linux.go:125.2,128.46 3 1
github.com/syntropy-cc/syntropy-cooperative-grid/manager/interfaces/cli/setup/src/validation_linux.go:132.59,135.16 2 1
github.com/syntropy-cc/syntropy-cooperative-grid/manager/interfaces/cli/setup/src/validation_linux.go:135.16,137.3 1 0
github.com/syntropy-cc/syntropy-cooperative-grid/manager/interfaces/cli/setup/src/validation_linux.go:139.2,140.16 2 1
github.com/syntropy-cc/syntropy-cooperative-grid/manager/interfaces/cli/setup/src/validation_linux.go:140.16,142.3 1 0
github.com/syntropy-cc/syntropy-cooperative-grid/manager/interfaces/cli/setup/src/validation_linux.go:145.2,149.18 3 1
github.com/syntropy-cc/syntropy-cooperative-grid/manager/interfaces/cli/setup/src/validation_linux.go:149.18,152.3 2 0
github.com/syntropy-cc/syntropy-cooperative-grid/manager/interfaces/cli/setup/src/validation_linux.go:154.2,154.12 1 1
github.com/syntropy-cc/syntropy-cooperative-grid/manager/interfaces/cli/setup/src/validation_linux.go:158.68,163.35 3 1
github.com/syntropy-cc/syntropy-cooperative-grid/manager/interfaces/cli/setup/src/validation_linux.go:163.35,165.35 2 1
github.com/syntropy-cc/syntropy-cooperative-grid/manager/interfaces/cli/setup/src/validation_linux.go:165.35,167.4 1 0
github.com/syntropy-cc/syntropy-cooperative-grid/manager/interfaces/cli/setup/src/validation_linux.go:170.2,170.26 1 1
github.com/syntropy-cc/syntropy-cooperative-grid/manager/interfaces/cli/setup/src/validation_linux.go:170.26,172.3 1 0
github.com/syntropy-cc/syntropy-cooperative-grid/manager/interfaces/cli/setup/src/validation_linux.go:174.2,174.12 1 1
github.com/syntropy-cc/syntropy-cooperative-grid/manager/interfaces/cli/setup/src/validation_linux.go:178.70,185.16 3 1
github.com/syntropy-cc/syntropy-cooperative-grid/manager/interfaces/cli/setup/src/validation_linux.go:185.16,189.3 3 0
github.com/syntropy-cc/syntropy-cooperative-grid/manager/interfaces/cli/setup/src/validation_linux.go:191.2,192.12 2 1
github.com/syntropy-cc/syntropy-cooperative-grid/manager/interfaces/cli/setup/src/validation_linux.go:196.61,207.30 10 1
github.com/syntropy-cc/syntropy-cooperative-grid/manager/interfaces/cli/setup/src/validation_linux.go:207.30,209.43 2 1
github.com/syntropy-cc/syntropy-cooperative-grid/manager/interfaces/cli/setup/src/validation_linux.go:209.43,211.4 1 1
github.com/syntropy-cc/syntropy-cooperative-grid/manager/interfaces/cli/setup/src/validation_linux.go:214.2,214.28 1 1
github.com/syntropy-cc/syntropy-cooperative-grid/manager/interfaces/cli/setup/src/validation_linux.go:214.28,216.37 2 0
github.com/syntropy-cc/syntropy-cooperative-grid/manager/interfaces/cli/setup/src/validation_linux.go:216.37,218.4 1 0
