mode: atomic
setup-component/examples/automated-testing/example1_basic_setup.go:28.47,30.2 1 0
setup-component/examples/automated-testing/example1_basic_setup.go:32.76,33.21 1 0
setup-component/examples/automated-testing/example1_basic_setup.go:33.21,35.3 1 0
setup-component/examples/automated-testing/example1_basic_setup.go:37.2,40.21 2 0
setup-component/examples/automated-testing/example1_basic_setup.go:40.21,43.3 2 0
setup-component/examples/automated-testing/example1_basic_setup.go:46.2,57.21 4 0
setup-component/examples/automated-testing/example1_basic_setup.go:57.21,59.3 1 0
setup-component/examples/automated-testing/example1_basic_setup.go:61.2,61.20 1 0
setup-component/examples/automated-testing/example1_basic_setup.go:64.13,73.16 7 0
setup-component/examples/automated-testing/example1_basic_setup.go:73.16,75.3 1 0
setup-component/examples/automated-testing/example1_basic_setup.go:76.2,91.16 7 0
setup-component/examples/automated-testing/example1_basic_setup.go:91.16,93.3 1 0
setup-component/examples/automated-testing/example1_basic_setup.go:96.2,97.20 2 0
setup-component/examples/automated-testing/example1_basic_setup.go:97.20,100.3 2 0
setup-component/examples/automated-testing/example1_basic_setup.go:100.8,102.3 1 0
setup-component/examples/automated-testing/example1_basic_setup.go:105.2,113.16 4 0
setup-component/examples/automated-testing/example1_basic_setup.go:113.16,115.3 1 0
setup-component/examples/automated-testing/example1_basic_setup.go:115.8,115.32 1 0
setup-component/examples/automated-testing/example1_basic_setup.go:115.32,117.3 1 0
setup-component/examples/automated-testing/example1_basic_setup.go:120.2,128.16 4 0
setup-component/examples/automated-testing/example1_basic_setup.go:128.16,130.3 1 0
setup-component/examples/automated-testing/example1_basic_setup.go:130.8,130.32 1 0
setup-component/examples/automated-testing/example1_basic_setup.go:130.32,132.3 1 0
setup-component/examples/automated-testing/example1_basic_setup.go:134.2,138.61 5 0
setup-component/src/internal/utils/crypto/entropy.go:15.40,19.2 1 0
setup-component/src/internal/utils/crypto/entropy.go:22.74,23.17 1 0
setup-component/src/internal/utils/crypto/entropy.go:23.17,25.3 1 0
setup-component/src/internal/utils/crypto/entropy.go:27.2,27.24 1 0
setup-component/src/internal/utils/crypto/entropy.go:27.24,29.3 1 0
setup-component/src/internal/utils/crypto/entropy.go:31.2,33.16 3 0
setup-component/src/internal/utils/crypto/entropy.go:33.16,35.3 1 0
setup-component/src/internal/utils/crypto/entropy.go:37.2,37.17 1 0
setup-component/src/internal/utils/crypto/entropy.go:37.17,39.3 1 0
setup-component/src/internal/utils/crypto/entropy.go:41.2,41.19 1 0
setup-component/src/internal/utils/crypto/entropy.go:45.71,46.15 1 0
setup-component/src/internal/utils/crypto/entropy.go:46.15,48.3 1 0
setup-component/src/internal/utils/crypto/entropy.go:50.2,50.37 1 0
setup-component/src/internal/utils/crypto/entropy.go:54.67,55.17 1 0
setup-component/src/internal/utils/crypto/entropy.go:55.17,57.3 1 0
setup-component/src/internal/utils/crypto/entropy.go:59.2,59.39 1 0
setup-component/src/internal/utils/crypto/entropy.go:63.66,64.15 1 0
setup-component/src/internal/utils/crypto/entropy.go:64.15,66.3 1 0
setup-component/src/internal/utils/crypto/entropy.go:68.2,68.37 1 0
setup-component/src/internal/utils/crypto/entropy.go:72.67,73.17 1 0
setup-component/src/internal/utils/crypto/entropy.go:73.17,75.3 1 0
setup-component/src/internal/utils/crypto/entropy.go:77.2,77.39 1 0
setup-component/src/internal/utils/crypto/entropy.go:81.46,84.16 2 0
setup-component/src/internal/utils/crypto/entropy.go:84.16,86.3 1 0
setup-component/src/internal/utils/crypto/entropy.go:89.2,90.27 2 0
setup-component/src/internal/utils/crypto/entropy.go:90.27,92.3 1 0
setup-component/src/internal/utils/crypto/entropy.go:95.2,96.35 2 0
setup-component/src/internal/utils/crypto/entropy.go:96.35,97.23 1 0
setup-component/src/internal/utils/crypto/entropy.go:97.23,99.4 1 0
setup-component/src/internal/utils/crypto/entropy.go:103.2,104.26 2 0
setup-component/src/internal/utils/crypto/entropy.go:104.26,106.3 1 0
setup-component/src/internal/utils/crypto/entropy.go:108.2,108.12 1 0
setup-component/src/internal/types/errors.go:44.37,46.2 1 0
setup-component/src/internal/types/errors.go:49.37,51.2 1 0
setup-component/src/internal/types/errors.go:54.67,63.2 1 0
setup-component/src/internal/types/errors.go:66.77,69.2 2 0
setup-component/src/internal/types/errors.go:72.68,75.2 2 0
setup-component/src/internal/types/errors.go:78.72,81.2 2 0
setup-component/src/internal/types/errors.go:86.52,92.2 1 0
setup-component/src/internal/types/errors.go:95.68,105.2 1 0
setup-component/src/internal/types/errors.go:108.63,118.2 1 0
setup-component/src/internal/types/errors.go:121.73,131.2 1 0
setup-component/src/internal/types/errors.go:134.71,144.2 1 0
setup-component/src/internal/types/errors.go:147.59,157.2 1 0
setup-component/src/internal/types/errors.go:160.68,170.2 1 0
setup-component/src/internal/types/errors.go:173.54,183.2 1 0
setup-component/src/internal/types/errors.go:186.52,196.2 1 0
setup-component/src/internal/types/errors.go:199.53,209.2 1 0
setup-component/src/internal/types/errors.go:212.69,223.2 2 0
setup-component/src/internal/types/errors.go:226.56,236.2 1 0
setup-component/src/internal/types/errors.go:239.70,249.2 1 0
setup-component/src/internal/types/errors.go:252.70,262.2 1 0
setup-component/src/internal/types/errors.go:265.64,275.2 1 0
setup-component/src/internal/types/errors.go:278.65,288.2 1 0
setup-component/src/internal/types/errors.go:291.49,301.2 1 0
setup-component/src/internal/types/errors.go:304.49,314.2 1 0
setup-component/src/internal/types/errors.go:317.72,327.2 1 0
setup-component/src/internal/types/errors.go:330.72,340.2 1 0
setup-component/src/internal/types/errors.go:343.71,353.2 1 0
setup-component/src/internal/services/services.go:12.36,14.2 1 0
setup-component/src/internal/services/services.go:17.49,20.2 2 0
setup-component/src/internal/services/services.go:23.53,25.2 1 0
setup-component/src/internal/services/services.go:28.69,30.42 2 0
setup-component/src/internal/services/services.go:30.42,32.3 1 0
setup-component/src/internal/services/services.go:33.2,33.42 1 0
setup-component/src/internal/services/services.go:37.62,39.2 1 0
setup-component/src/internal/services/services.go:42.54,44.2 1 0
setup-component/src/internal/services/services.go:50.42,52.2 1 0
setup-component/src/internal/services/services.go:55.52,58.2 1 0
setup-component/src/internal/services/services.go:64.40,66.2 1 0
setup-component/src/internal/services/services.go:69.41,71.2 1 0
setup-component/src/configurator.go:24.57,38.2 6 0
setup-component/src/configurator.go:41.75,48.44 2 0
setup-component/src/configurator.go:48.44,50.3 1 0
setup-component/src/configurator.go:53.2,83.34 2 0
setup-component/src/configurator.go:83.35,85.3 0 0
setup-component/src/configurator.go:87.2,87.35 1 0
setup-component/src/configurator.go:87.36,89.3 0 0
setup-component/src/configurator.go:92.2,93.57 2 0
setup-component/src/configurator.go:93.57,95.3 1 0
setup-component/src/configurator.go:97.2,101.12 2 0
setup-component/src/configurator.go:105.48,122.34 5 0
setup-component/src/configurator.go:122.34,123.48 1 0
setup-component/src/configurator.go:123.48,125.4 1 0
setup-component/src/configurator.go:128.2,133.12 2 0
setup-component/src/configurator.go:137.63,143.16 4 0
setup-component/src/configurator.go:143.16,145.3 1 0
setup-component/src/configurator.go:148.2,148.79 1 0
setup-component/src/configurator.go:148.79,150.3 1 0
setup-component/src/configurator.go:152.2,158.21 2 0
setup-component/src/configurator.go:162.47,168.55 3 0
setup-component/src/configurator.go:168.55,170.3 1 0
setup-component/src/configurator.go:173.2,174.16 2 0
setup-component/src/configurator.go:174.16,176.3 1 0
setup-component/src/configurator.go:179.2,179.34 1 0
setup-component/src/configurator.go:179.34,181.3 1 0
setup-component/src/configurator.go:183.2,183.32 1 0
setup-component/src/configurator.go:183.32,185.3 1 0
setup-component/src/configurator.go:187.2,187.33 1 0
setup-component/src/configurator.go:187.33,189.3 1 0
setup-component/src/configurator.go:191.2,196.12 2 0
setup-component/src/configurator.go:200.56,208.55 3 0
setup-component/src/configurator.go:208.55,210.3 1 0
setup-component/src/configurator.go:213.2,222.16 6 0
setup-component/src/configurator.go:222.16,224.3 1 0
setup-component/src/configurator.go:227.2,227.67 1 0
setup-component/src/configurator.go:227.67,229.3 1 0
setup-component/src/configurator.go:231.2,236.12 2 0
setup-component/src/configurator.go:240.63,246.55 2 0
setup-component/src/configurator.go:246.55,248.3 1 0
setup-component/src/configurator.go:251.2,252.16 2 0
setup-component/src/configurator.go:252.16,254.3 1 0
setup-component/src/configurator.go:257.2,258.60 2 0
setup-component/src/configurator.go:258.60,260.3 1 0
setup-component/src/configurator.go:263.2,264.54 2 0
setup-component/src/configurator.go:264.54,265.55 1 0
setup-component/src/configurator.go:265.55,269.4 1 0
setup-component/src/configurator.go:273.2,273.74 1 0
setup-component/src/configurator.go:273.74,275.3 1 0
setup-component/src/configurator.go:277.2,282.12 2 0
setup-component/src/configurator.go:286.74,294.57 3 0
setup-component/src/configurator.go:294.57,296.3 1 0
setup-component/src/configurator.go:299.2,300.16 2 0
setup-component/src/configurator.go:300.16,302.3 1 0
setup-component/src/configurator.go:304.2,304.34 1 0
setup-component/src/configurator.go:308.80,316.74 3 0
setup-component/src/configurator.go:316.74,318.3 1 0
setup-component/src/configurator.go:320.2,320.12 1 0
setup-component/src/configurator.go:324.111,332.16 3 0
setup-component/src/configurator.go:332.16,334.3 1 0
setup-component/src/configurator.go:338.2,341.36 2 0
setup-component/src/configurator.go:341.36,344.3 2 0
setup-component/src/configurator.go:346.2,346.30 1 0
setup-component/src/configurator.go:350.47,352.2 1 0
setup-component/src/configurator.go:355.49,357.2 1 0
setup-component/src/configurator.go:360.58,362.16 2 0
setup-component/src/configurator.go:362.16,364.3 1 0
setup-component/src/configurator.go:366.2,367.29 2 0
setup-component/src/configurator.go:367.29,368.101 1 0
setup-component/src/configurator.go:368.101,370.4 1 0
setup-component/src/configurator.go:373.2,373.23 1 0
setup-component/src/configurator.go:379.81,382.16 2 0
setup-component/src/configurator.go:382.16,384.3 1 0
setup-component/src/configurator.go:387.2,387.55 1 0
setup-component/src/configurator.go:387.55,389.3 1 0
setup-component/src/configurator.go:391.2,391.12 1 0
setup-component/src/configurator.go:395.76,398.16 2 0
setup-component/src/configurator.go:398.16,400.3 1 0
setup-component/src/configurator.go:403.2,404.54 2 0
setup-component/src/configurator.go:404.54,406.3 1 0
setup-component/src/configurator.go:408.2,408.21 1 0
setup-component/src/configurator.go:412.81,414.34 1 0
setup-component/src/configurator.go:414.34,416.3 1 0
setup-component/src/configurator.go:418.2,418.32 1 0
setup-component/src/configurator.go:418.32,420.3 1 0
setup-component/src/configurator.go:422.2,422.33 1 0
setup-component/src/configurator.go:422.33,424.3 1 0
setup-component/src/configurator.go:427.2,427.53 1 0
setup-component/src/configurator.go:427.53,428.17 1 0
setup-component/src/configurator.go:428.17,430.4 1 0
setup-component/src/configurator.go:434.2,434.54 1 0
setup-component/src/configurator.go:434.54,435.17 1 0
setup-component/src/configurator.go:435.17,437.4 1 0
setup-component/src/configurator.go:440.2,440.12 1 0
setup-component/src/key_manager.go:24.53,33.2 4 0
setup-component/src/key_manager.go:36.81,44.19 4 0
setup-component/src/key_manager.go:45.17,46.45 1 0
setup-component/src/key_manager.go:47.10,48.77 1 0
setup-component/src/key_manager.go:51.2,51.16 1 0
setup-component/src/key_manager.go:51.16,56.3 2 0
setup-component/src/key_manager.go:58.2,64.21 2 0
setup-component/src/key_manager.go:68.87,75.16 3 0
setup-component/src/key_manager.go:75.16,79.3 1 0
setup-component/src/key_manager.go:82.2,82.27 1 0
setup-component/src/key_manager.go:82.27,89.17 4 0
setup-component/src/key_manager.go:89.17,94.4 1 0
setup-component/src/key_manager.go:94.9,96.4 1 0
setup-component/src/key_manager.go:100.2,105.16 3 0
setup-component/src/key_manager.go:105.16,107.3 1 0
setup-component/src/key_manager.go:110.2,110.71 1 0
setup-component/src/key_manager.go:110.71,112.3 1 0
setup-component/src/key_manager.go:114.2,114.21 1 0
setup-component/src/key_manager.go:118.60,121.49 2 0
setup-component/src/key_manager.go:121.49,123.3 1 0
setup-component/src/key_manager.go:125.2,125.24 1 0
setup-component/src/key_manager.go:129.85,136.22 2 0
setup-component/src/key_manager.go:136.22,138.3 1 0
setup-component/src/key_manager.go:141.2,142.16 2 0
setup-component/src/key_manager.go:142.16,144.3 1 0
setup-component/src/key_manager.go:147.2,148.80 2 0
setup-component/src/key_manager.go:148.80,150.3 1 0
setup-component/src/key_manager.go:153.2,154.77 2 0
setup-component/src/key_manager.go:154.77,158.3 2 0
setup-component/src/key_manager.go:161.2,163.16 3 0
setup-component/src/key_manager.go:163.16,168.3 3 0
setup-component/src/key_manager.go:170.2,170.67 1 0
setup-component/src/key_manager.go:170.67,175.3 3 0
setup-component/src/key_manager.go:177.2,184.12 2 0
setup-component/src/key_manager.go:188.92,198.59 5 0
setup-component/src/key_manager.go:198.59,200.3 1 0
setup-component/src/key_manager.go:202.2,202.58 1 0
setup-component/src/key_manager.go:202.58,204.3 1 0
setup-component/src/key_manager.go:207.2,208.16 2 0
setup-component/src/key_manager.go:208.16,210.3 1 0
setup-component/src/key_manager.go:213.2,214.16 2 0
setup-component/src/key_manager.go:214.16,216.3 1 0
setup-component/src/key_manager.go:219.2,220.16 2 0
setup-component/src/key_manager.go:220.16,222.3 1 0
setup-component/src/key_manager.go:225.2,226.49 2 0
setup-component/src/key_manager.go:226.49,228.17 2 0
setup-component/src/key_manager.go:228.17,230.4 1 0
setup-component/src/key_manager.go:233.2,233.21 1 0
setup-component/src/key_manager.go:233.21,235.3 1 0
setup-component/src/key_manager.go:238.2,248.60 2 0
setup-component/src/key_manager.go:248.60,249.75 1 0
setup-component/src/key_manager.go:249.75,251.4 1 0
setup-component/src/key_manager.go:254.2,254.60 1 0
setup-component/src/key_manager.go:254.60,255.75 1 0
setup-component/src/key_manager.go:255.75,257.4 1 0
setup-component/src/key_manager.go:260.2,266.21 2 0
setup-component/src/key_manager.go:270.54,276.100 2 0
setup-component/src/key_manager.go:276.100,278.3 1 0
setup-component/src/key_manager.go:281.2,282.57 2 0
setup-component/src/key_manager.go:282.57,284.3 1 0
setup-component/src/key_manager.go:287.2,288.16 2 0
setup-component/src/key_manager.go:288.16,290.3 1 0
setup-component/src/key_manager.go:293.2,293.74 1 0
setup-component/src/key_manager.go:293.74,295.3 1 0
setup-component/src/key_manager.go:297.2,303.12 2 0
setup-component/src/key_manager.go:307.62,316.59 4 0
setup-component/src/key_manager.go:316.59,318.3 1 0
setup-component/src/key_manager.go:320.2,320.58 1 0
setup-component/src/key_manager.go:320.58,322.3 1 0
setup-component/src/key_manager.go:325.2,326.16 2 0
setup-component/src/key_manager.go:326.16,328.3 1 0
setup-component/src/key_manager.go:331.2,331.34 1 0
setup-component/src/key_manager.go:331.34,333.3 1 0
setup-component/src/key_manager.go:336.2,336.54 1 0
setup-component/src/key_manager.go:336.54,338.3 1 0
setup-component/src/key_manager.go:340.2,344.12 2 0
setup-component/src/key_manager.go:348.83,355.16 3 0
setup-component/src/key_manager.go:355.16,357.3 1 0
setup-component/src/key_manager.go:360.2,361.16 2 0
setup-component/src/key_manager.go:361.16,363.3 1 0
setup-component/src/key_manager.go:365.2,370.24 2 0
setup-component/src/key_manager.go:374.79,381.61 3 0
setup-component/src/key_manager.go:381.61,383.3 1 0
setup-component/src/key_manager.go:386.2,386.62 1 0
setup-component/src/key_manager.go:386.62,388.3 1 0
setup-component/src/key_manager.go:390.2,396.12 2 0
setup-component/src/key_manager.go:400.59,404.16 3 0
setup-component/src/key_manager.go:404.16,406.3 1 0
setup-component/src/key_manager.go:408.2,412.29 3 0
setup-component/src/key_manager.go:412.29,413.59 1 0
setup-component/src/key_manager.go:413.59,416.4 2 0
setup-component/src/key_manager.go:420.2,420.28 1 0
setup-component/src/key_manager.go:420.28,426.50 4 0
setup-component/src/key_manager.go:426.50,428.18 2 0
setup-component/src/key_manager.go:428.18,430.5 1 0
setup-component/src/key_manager.go:433.3,433.22 1 0
setup-component/src/key_manager.go:433.22,435.4 1 0
setup-component/src/key_manager.go:438.3,439.17 2 0
setup-component/src/key_manager.go:439.17,440.12 1 0
setup-component/src/key_manager.go:443.3,452.61 2 0
setup-component/src/key_manager.go:452.61,453.76 1 0
setup-component/src/key_manager.go:453.76,455.5 1 0
setup-component/src/key_manager.go:458.3,458.61 1 0
setup-component/src/key_manager.go:458.61,459.76 1 0
setup-component/src/key_manager.go:459.76,461.5 1 0
setup-component/src/key_manager.go:464.3,464.31 1 0
setup-component/src/key_manager.go:467.2,471.18 2 0
setup-component/src/key_manager.go:477.72,480.16 2 0
setup-component/src/key_manager.go:480.16,482.3 1 0
setup-component/src/key_manager.go:485.2,506.21 4 0
setup-component/src/key_manager.go:510.68,513.2 2 0
setup-component/src/key_manager.go:516.46,523.2 3 0
setup-component/src/key_manager.go:526.95,530.2 1 0
setup-component/src/key_manager.go:533.104,537.2 1 0
setup-component/src/key_manager.go:540.66,551.58 7 0
setup-component/src/key_manager.go:551.58,553.3 1 0
setup-component/src/key_manager.go:556.2,556.57 1 0
setup-component/src/key_manager.go:556.57,558.3 1 0
setup-component/src/key_manager.go:561.2,561.56 1 0
setup-component/src/key_manager.go:561.56,563.3 1 0
setup-component/src/key_manager.go:565.2,565.12 1 0
setup-component/src/logger.go:25.36,37.16 7 0
setup-component/src/logger.go:37.16,40.3 1 0
setup-component/src/logger.go:42.2,48.3 1 0
setup-component/src/logger.go:52.49,54.2 1 0
setup-component/src/logger.go:57.45,59.2 1 0
setup-component/src/logger.go:62.74,63.14 1 0
setup-component/src/logger.go:63.14,65.3 1 0
setup-component/src/logger.go:67.2,77.16 3 0
setup-component/src/logger.go:77.16,79.18 2 0
setup-component/src/logger.go:79.18,80.33 1 0
setup-component/src/logger.go:80.33,82.5 1 0
setup-component/src/logger.go:88.76,99.15 3 0
setup-component/src/logger.go:99.15,101.35 2 0
setup-component/src/logger.go:101.35,102.36 1 0
setup-component/src/logger.go:102.36,104.5 1 0
setup-component/src/logger.go:110.80,111.14 1 0
setup-component/src/logger.go:111.14,113.3 1 0
setup-component/src/logger.go:115.2,125.31 4 0
setup-component/src/logger.go:125.31,126.32 1 0
setup-component/src/logger.go:126.32,128.4 1 0
setup-component/src/logger.go:133.77,134.14 1 0
setup-component/src/logger.go:134.14,136.3 1 0
setup-component/src/logger.go:138.2,147.16 3 0
setup-component/src/logger.go:147.16,149.18 2 0
setup-component/src/logger.go:149.18,150.33 1 0
setup-component/src/logger.go:150.33,152.5 1 0
setup-component/src/logger.go:158.78,159.29 1 0
setup-component/src/logger.go:159.29,161.3 1 0
setup-component/src/logger.go:163.2,173.17 4 0
setup-component/src/logger.go:173.17,174.32 1 0
setup-component/src/logger.go:174.32,176.4 1 0
setup-component/src/logger.go:181.75,182.16 1 0
setup-component/src/logger.go:183.14,184.39 1 0
setup-component/src/logger.go:185.13,186.38 1 0
setup-component/src/logger.go:187.13,188.39 1 0
setup-component/src/logger.go:189.10,190.74 1 0
setup-component/src/logger.go:195.61,197.23 1 0
setup-component/src/logger.go:197.23,199.3 1 0
setup-component/src/logger.go:200.2,206.16 5 0
setup-component/src/logger.go:206.16,213.3 2 0
setup-component/src/logger.go:216.2,217.19 2 0
setup-component/src/logger.go:221.64,224.16 2 0
setup-component/src/logger.go:224.16,226.3 1 0
setup-component/src/logger.go:229.2,229.48 1 0
setup-component/src/logger.go:233.63,236.16 2 0
setup-component/src/logger.go:236.16,238.3 1 0
setup-component/src/logger.go:239.2,246.16 4 0
setup-component/src/logger.go:246.16,248.3 1 0
setup-component/src/logger.go:250.2,251.29 2 0
setup-component/src/logger.go:251.29,252.17 1 0
setup-component/src/logger.go:252.17,253.12 1 0
setup-component/src/logger.go:256.3,257.62 2 0
setup-component/src/logger.go:257.62,258.12 1 0
setup-component/src/logger.go:262.3,267.28 1 0
setup-component/src/logger.go:270.2,270.12 1 0
setup-component/src/logger.go:274.64,277.16 2 0
setup-component/src/logger.go:277.16,279.3 1 0
setup-component/src/logger.go:282.2,284.29 3 0
setup-component/src/logger.go:284.29,285.17 1 0
setup-component/src/logger.go:285.17,286.12 1 0
setup-component/src/logger.go:289.3,290.62 2 0
setup-component/src/logger.go:290.62,291.12 1 0
setup-component/src/logger.go:294.3,299.23 2 0
setup-component/src/logger.go:299.23,301.4 1 0
setup-component/src/logger.go:303.3,303.24 1 0
setup-component/src/logger.go:303.24,305.4 1 0
setup-component/src/logger.go:307.3,307.47 1 0
setup-component/src/logger.go:307.47,309.39 2 0
setup-component/src/logger.go:309.39,311.5 1 0
setup-component/src/logger.go:314.3,314.21 1 0
setup-component/src/logger.go:317.2,317.59 1 0
setup-component/src/logger.go:321.38,322.50 1 0
setup-component/src/logger.go:322.50,324.3 1 0
setup-component/src/logger.go:325.2,325.12 1 0
setup-component/src/logger.go:329.43,331.35 1 0
setup-component/src/logger.go:331.35,333.3 1 0
setup-component/src/logger.go:336.2,340.16 4 0
setup-component/src/logger.go:340.16,342.3 1 0
setup-component/src/logger.go:344.2,347.12 3 0
setup-component/src/logger.go:351.37,353.2 1 0
setup-component/src/logger.go:356.33,357.13 1 0
setup-component/src/logger.go:357.13,359.3 1 0
setup-component/src/logger.go:362.2,363.10 2 0
setup-component/src/setup.go:50.47,60.2 2 0
setup-component/src/setup.go:63.60,65.20 1 0
setup-component/src/setup.go:65.20,67.3 1 0
setup-component/src/setup.go:69.2,75.16 3 0
setup-component/src/setup.go:75.16,77.3 1 0
setup-component/src/setup.go:79.2,79.43 1 0
setup-component/src/setup.go:79.43,89.3 2 0
setup-component/src/setup.go:92.2,92.58 1 0
setup-component/src/setup.go:92.58,94.3 1 0
setup-component/src/setup.go:97.2,98.16 2 0
setup-component/src/setup.go:98.16,100.3 1 0
setup-component/src/setup.go:103.2,106.17 1 0
setup-component/src/setup.go:106.17,108.3 1 0
setup-component/src/setup.go:111.2,121.57 2 0
setup-component/src/setup.go:121.57,123.3 1 0
setup-component/src/setup.go:125.2,129.12 2 0
setup-component/src/setup.go:133.69,138.16 3 0
setup-component/src/setup.go:138.16,143.3 2 0
setup-component/src/setup.go:146.2,147.16 2 0
setup-component/src/setup.go:147.16,152.3 2 0
setup-component/src/setup.go:155.2,156.16 2 0
setup-component/src/setup.go:156.16,161.3 2 0
setup-component/src/setup.go:164.2,165.16 2 0
setup-component/src/setup.go:165.16,170.3 2 0
setup-component/src/setup.go:173.2,188.20 3 0
setup-component/src/setup.go:192.62,196.16 3 0
setup-component/src/setup.go:196.16,201.3 2 0
setup-component/src/setup.go:203.2,208.27 2 0
setup-component/src/setup.go:212.51,213.14 1 0
setup-component/src/setup.go:213.14,215.3 1 0
setup-component/src/setup.go:217.2,222.46 4 0
setup-component/src/setup.go:222.46,223.46 1 0
setup-component/src/setup.go:223.46,228.4 1 0
setup-component/src/setup.go:228.9,232.4 1 0
setup-component/src/setup.go:236.2,239.46 3 0
setup-component/src/setup.go:239.46,240.49 1 0
setup-component/src/setup.go:240.49,245.4 1 0
setup-component/src/setup.go:245.9,249.4 1 0
setup-component/src/setup.go:253.2,254.44 2 0
setup-component/src/setup.go:254.44,255.47 1 0
setup-component/src/setup.go:255.47,260.4 1 0
setup-component/src/setup.go:260.9,264.4 1 0
setup-component/src/setup.go:267.2,269.12 2 0
setup-component/src/setup.go:273.40,277.58 2 0
setup-component/src/setup.go:277.58,281.3 1 0
setup-component/src/setup.go:286.2,290.12 3 0
setup-component/src/setup.go:294.70,299.2 2 0
setup-component/src/setup.go:302.74,307.16 3 0
setup-component/src/setup.go:307.16,309.3 1 0
setup-component/src/setup.go:310.2,314.70 3 0
setup-component/src/setup.go:314.70,316.21 1 0
setup-component/src/setup.go:316.21,322.42 6 0
setup-component/src/setup.go:322.42,330.5 2 0
setup-component/src/setup.go:334.3,336.70 3 0
setup-component/src/setup.go:336.70,338.4 1 0
setup-component/src/setup.go:338.9,340.4 1 0
setup-component/src/setup.go:343.3,347.54 4 0
setup-component/src/setup.go:347.54,349.72 2 0
setup-component/src/setup.go:349.72,351.5 1 0
setup-component/src/setup.go:351.10,358.5 6 0
setup-component/src/setup.go:363.2,376.50 2 0
setup-component/src/setup.go:376.50,378.90 1 0
setup-component/src/setup.go:378.90,381.52 3 0
setup-component/src/setup.go:381.52,389.5 1 0
setup-component/src/setup.go:390.9,398.4 1 0
setup-component/src/setup.go:402.2,412.8 3 0
setup-component/src/setup.go:416.75,421.16 3 0
setup-component/src/setup.go:421.16,423.3 1 0
setup-component/src/setup.go:424.2,428.16 3 0
setup-component/src/setup.go:428.16,430.89 1 0
setup-component/src/setup.go:430.89,432.110 1 0
setup-component/src/setup.go:432.110,439.5 1 0
setup-component/src/setup.go:443.3,449.9 1 0
setup-component/src/setup.go:453.2,453.48 1 0
setup-component/src/setup.go:453.48,460.3 1 0
setup-component/src/setup.go:463.2,467.55 3 0
setup-component/src/setup.go:467.55,474.3 1 0
setup-component/src/setup.go:477.2,484.8 1 0
setup-component/src/setup.go:488.74,493.16 3 0
setup-component/src/setup.go:493.16,495.3 1 0
setup-component/src/setup.go:496.2,500.16 3 0
setup-component/src/setup.go:500.16,508.3 1 0
setup-component/src/setup.go:511.2,516.8 1 0
setup-component/src/setup.go:520.36,522.16 2 0
setup-component/src/setup.go:522.16,525.3 1 0
setup-component/src/setup.go:527.2,527.22 1 0
setup-component/src/setup.go:528.17,529.44 1 0
setup-component/src/setup.go:530.25,531.45 1 0
setup-component/src/setup.go:532.10,533.45 1 0
setup-component/src/setup.go:542.57,555.2 2 0
setup-component/src/setup.go:558.35,562.55 1 0
setup-component/src/setup.go:562.55,564.3 1 0
setup-component/src/setup.go:567.2,567.57 1 0
setup-component/src/setup.go:567.57,569.3 1 0
setup-component/src/setup.go:573.2,573.13 1 0
setup-component/src/setup.go:577.89,579.34 2 0
setup-component/src/setup.go:579.34,581.3 1 0
setup-component/src/setup.go:584.2,585.50 2 0
setup-component/src/setup.go:585.50,587.3 1 0
setup-component/src/setup.go:589.2,590.49 2 0
setup-component/src/setup.go:590.49,592.3 1 0
setup-component/src/setup.go:594.2,595.44 2 0
setup-component/src/setup.go:595.44,597.3 1 0
setup-component/src/setup.go:599.2,606.3 1 0
setup-component/src/setup.go:610.43,612.47 1 0
setup-component/src/setup.go:612.47,614.3 1 0
setup-component/src/setup.go:617.2,618.16 2 0
setup-component/src/setup.go:618.16,620.3 1 0
setup-component/src/setup.go:623.2,623.32 1 0
setup-component/src/setup.go:623.32,627.20 3 0
setup-component/src/setup.go:627.20,629.58 1 0
setup-component/src/setup.go:629.58,631.5 1 0
setup-component/src/setup.go:632.9,634.53 1 0
setup-component/src/setup.go:634.53,636.5 1 0
setup-component/src/setup.go:640.2,640.12 1 0
setup-component/src/setup.go:644.38,647.16 2 0
setup-component/src/setup.go:647.16,649.3 1 0
setup-component/src/setup.go:650.2,654.16 3 0
setup-component/src/setup.go:654.16,656.3 1 0
setup-component/src/setup.go:657.2,661.16 3 0
setup-component/src/setup.go:661.16,663.3 1 0
setup-component/src/setup.go:666.2,666.23 1 0
setup-component/src/setup.go:670.65,672.54 1 0
setup-component/src/setup.go:672.54,674.3 1 0
setup-component/src/setup.go:677.2,678.16 2 0
setup-component/src/setup.go:678.16,680.3 1 0
setup-component/src/setup.go:683.2,683.32 1 0
setup-component/src/setup.go:683.32,684.49 1 0
setup-component/src/setup.go:684.49,688.58 3 0
setup-component/src/setup.go:688.58,690.5 1 0
setup-component/src/setup.go:694.2,694.12 1 0
setup-component/src/state_manager.go:23.57,33.2 4 0
setup-component/src/state_manager.go:36.64,45.57 4 0
setup-component/src/state_manager.go:45.57,50.3 2 0
setup-component/src/state_manager.go:53.2,54.16 2 0
setup-component/src/state_manager.go:54.16,56.3 1 0
setup-component/src/state_manager.go:59.2,60.53 2 0
setup-component/src/state_manager.go:60.53,62.3 1 0
setup-component/src/state_manager.go:64.2,69.20 2 0
setup-component/src/state_manager.go:73.66,87.16 6 0
setup-component/src/state_manager.go:87.16,89.3 1 0
setup-component/src/state_manager.go:92.2,95.59 2 0
setup-component/src/state_manager.go:95.59,97.3 1 0
setup-component/src/state_manager.go:100.2,100.58 1 0
setup-component/src/state_manager.go:100.58,104.3 2 0
setup-component/src/state_manager.go:106.2,111.12 2 0
setup-component/src/state_manager.go:115.81,123.16 5 0
setup-component/src/state_manager.go:123.16,125.3 1 0
setup-component/src/state_manager.go:128.2,128.38 1 0
setup-component/src/state_manager.go:128.38,130.3 1 0
setup-component/src/state_manager.go:133.2,133.34 1 0
setup-component/src/state_manager.go:137.56,147.16 5 0
setup-component/src/state_manager.go:147.16,149.3 1 0
setup-component/src/state_manager.go:152.2,161.16 6 0
setup-component/src/state_manager.go:161.16,163.3 1 0
setup-component/src/state_manager.go:166.2,166.61 1 0
setup-component/src/state_manager.go:166.61,168.3 1 0
setup-component/src/state_manager.go:171.2,183.12 3 0
setup-component/src/state_manager.go:187.63,196.55 4 0
setup-component/src/state_manager.go:196.55,198.3 1 0
setup-component/src/state_manager.go:201.2,202.16 2 0
setup-component/src/state_manager.go:202.16,204.3 1 0
setup-component/src/state_manager.go:207.2,208.53 2 0
setup-component/src/state_manager.go:208.53,210.3 1 0
setup-component/src/state_manager.go:213.2,213.51 1 0
setup-component/src/state_manager.go:213.51,215.3 1 0
setup-component/src/state_manager.go:217.2,223.12 2 0
setup-component/src/state_manager.go:227.49,235.16 5 0
setup-component/src/state_manager.go:235.16,237.3 1 0
setup-component/src/state_manager.go:240.2,240.25 1 0
setup-component/src/state_manager.go:240.25,242.3 1 0
setup-component/src/state_manager.go:244.2,244.30 1 0
setup-component/src/state_manager.go:244.30,246.3 1 0
setup-component/src/state_manager.go:248.2,248.24 1 0
setup-component/src/state_manager.go:248.24,250.3 1 0
setup-component/src/state_manager.go:253.2,253.49 1 0
setup-component/src/state_manager.go:253.49,255.3 1 0
setup-component/src/state_manager.go:257.2,262.12 2 0
setup-component/src/state_manager.go:266.47,268.2 1 0
setup-component/src/state_manager.go:271.48,273.2 1 0
setup-component/src/state_manager.go:276.67,280.54 2 0
setup-component/src/state_manager.go:280.54,282.3 1 0
setup-component/src/state_manager.go:285.2,286.16 2 0
setup-component/src/state_manager.go:286.16,288.3 1 0
setup-component/src/state_manager.go:290.2,291.29 2 0
setup-component/src/state_manager.go:291.29,292.43 1 0
setup-component/src/state_manager.go:292.43,295.18 3 0
setup-component/src/state_manager.go:295.18,296.13 1 0
setup-component/src/state_manager.go:299.4,304.6 1 0
setup-component/src/state_manager.go:308.2,308.21 1 0
setup-component/src/state_manager.go:312.68,318.16 3 0
setup-component/src/state_manager.go:318.16,320.3 1 0
setup-component/src/state_manager.go:322.2,325.33 3 0
setup-component/src/state_manager.go:325.33,326.42 1 0
setup-component/src/state_manager.go:326.42,327.49 1 0
setup-component/src/state_manager.go:327.49,332.5 1 0
setup-component/src/state_manager.go:332.10,334.5 1 0
setup-component/src/state_manager.go:338.2,342.12 2 0
setup-component/src/state_manager.go:348.70,350.57 1 0
setup-component/src/state_manager.go:350.57,352.3 1 0
setup-component/src/state_manager.go:355.2,356.16 2 0
setup-component/src/state_manager.go:356.16,358.3 1 0
setup-component/src/state_manager.go:361.2,362.53 2 0
setup-component/src/state_manager.go:362.53,364.3 1 0
setup-component/src/state_manager.go:366.2,366.20 1 0
setup-component/src/state_manager.go:370.72,376.16 3 0
setup-component/src/state_manager.go:376.16,378.3 1 0
setup-component/src/state_manager.go:381.2,384.59 2 0
setup-component/src/state_manager.go:384.59,386.3 1 0
setup-component/src/state_manager.go:389.2,389.58 1 0
setup-component/src/state_manager.go:389.58,393.3 2 0
setup-component/src/state_manager.go:395.2,395.12 1 0
setup-component/src/validator.go:18.51,23.2 1 0
setup-component/src/validator.go:26.60,27.22 1 0
setup-component/src/validator.go:28.17,29.43 1 0
setup-component/src/validator.go:30.15,31.41 1 0
setup-component/src/validator.go:32.16,33.42 1 0
setup-component/src/validator.go:34.10,35.43 1 0
setup-component/src/validator.go:40.75,45.16 3 0
setup-component/src/validator.go:45.16,50.3 2 0
setup-component/src/validator.go:53.2,54.16 2 0
setup-component/src/validator.go:54.16,59.3 2 0
setup-component/src/validator.go:62.2,63.16 2 0
setup-component/src/validator.go:63.16,68.3 2 0
setup-component/src/validator.go:71.2,82.16 3 0
setup-component/src/validator.go:82.16,87.3 2 0
setup-component/src/validator.go:88.2,98.21 3 0
setup-component/src/validator.go:102.77,116.35 4 0
setup-component/src/validator.go:116.35,117.35 1 0
setup-component/src/validator.go:117.35,119.4 1 0
setup-component/src/validator.go:119.9,121.4 1 0
setup-component/src/validator.go:124.2,130.20 2 0
setup-component/src/validator.go:134.67,146.34 3 0
setup-component/src/validator.go:146.34,149.3 2 0
setup-component/src/validator.go:152.2,168.25 5 0
setup-component/src/validator.go:172.76,184.27 3 0
setup-component/src/validator.go:184.27,186.3 1 0
setup-component/src/validator.go:186.8,188.3 1 0
setup-component/src/validator.go:191.2,191.26 1 0
setup-component/src/validator.go:191.26,193.3 1 0
setup-component/src/validator.go:193.8,195.3 1 0
setup-component/src/validator.go:198.2,198.28 1 0
setup-component/src/validator.go:198.28,200.3 1 0
setup-component/src/validator.go:200.8,202.3 1 0
setup-component/src/validator.go:205.2,205.24 1 0
setup-component/src/validator.go:205.24,207.3 1 0
setup-component/src/validator.go:207.8,209.3 1 0
setup-component/src/validator.go:211.2,219.20 2 0
setup-component/src/validator.go:223.69,229.31 3 0
setup-component/src/validator.go:229.31,230.27 1 0
setup-component/src/validator.go:230.27,231.44 1 0
setup-component/src/validator.go:231.44,236.5 1 0
setup-component/src/validator.go:236.10,241.5 2 0
setup-component/src/validator.go:245.2,250.12 2 0
setup-component/src/validator.go:254.68,265.16 4 0
setup-component/src/validator.go:265.16,272.3 2 0
setup-component/src/validator.go:272.8,274.3 1 0
setup-component/src/validator.go:277.2,278.16 2 0
setup-component/src/validator.go:278.16,280.3 1 0
setup-component/src/validator.go:280.8,282.28 2 0
setup-component/src/validator.go:282.28,284.4 1 0
setup-component/src/validator.go:288.2,289.16 2 0
setup-component/src/validator.go:289.16,291.3 1 0
setup-component/src/validator.go:291.8,293.27 2 0
setup-component/src/validator.go:293.27,295.4 1 0
setup-component/src/validator.go:299.2,300.16 2 0
setup-component/src/validator.go:300.16,302.3 1 0
setup-component/src/validator.go:302.8,304.34 2 0
setup-component/src/validator.go:304.34,305.45 1 0
setup-component/src/validator.go:305.45,307.5 1 0
setup-component/src/validator.go:312.2,312.28 1 0
setup-component/src/validator.go:312.28,314.3 1 0
setup-component/src/validator.go:316.2,322.20 2 0
setup-component/src/validator.go:328.66,329.22 1 0
setup-component/src/validator.go:330.17,335.4 1 0
setup-component/src/validator.go:336.15,342.4 1 0
setup-component/src/validator.go:343.16,347.4 1 0
setup-component/src/validator.go:348.10,349.30 1 0
setup-component/src/validator.go:354.70,356.18 1 0
setup-component/src/validator.go:357.20,358.35 1 0
setup-component/src/validator.go:359.14,360.29 1 0
setup-component/src/validator.go:361.14,362.29 1 0
setup-component/src/validator.go:363.13,364.28 1 0
setup-component/src/validator.go:365.19,366.34 1 0
setup-component/src/validator.go:367.10,368.15 1 0
setup-component/src/validator.go:373.53,376.2 1 0
setup-component/src/validator.go:379.46,382.2 1 0
setup-component/src/validator.go:385.45,388.2 1 0
setup-component/src/validator.go:391.48,394.2 1 0
setup-component/src/validator.go:397.46,400.2 1 0
setup-component/src/validator.go:403.45,406.2 1 0
setup-component/src/validator.go:409.47,412.2 1 0
setup-component/src/validator.go:415.43,418.2 1 0
setup-component/src/validator.go:421.67,424.2 1 0
setup-component/src/validator.go:427.65,430.2 1 0
setup-component/src/validator.go:434.50,437.2 1 0
setup-component/src/validator.go:439.44,442.2 1 0
setup-component/src/validator.go:444.44,447.2 1 0
setup-component/src/validator.go:449.43,452.2 1 0
setup-component/src/validator.go:454.49,457.2 1 0
setup-component/src/validator.go:460.39,463.2 1 0
setup-component/src/validator.go:473.63,485.2 3 0
setup-component/src/validator.go:488.78,497.2 2 0
setup-component/src/validator.go:500.82,509.2 2 0
setup-component/src/validator.go:512.80,514.2 1 0
setup-component/src/validator.go:517.58,519.2 1 0
setup-component/src/validator.go:527.61,537.2 2 0
setup-component/src/validator.go:540.76,549.2 2 0
setup-component/src/validator.go:552.80,561.2 2 0
setup-component/src/validator.go:564.78,566.2 1 0
setup-component/src/validator.go:569.56,571.2 1 0
setup-component/src/validator.go:579.62,589.2 2 0
setup-component/src/validator.go:592.77,601.2 2 0
setup-component/src/validator.go:604.81,613.2 2 0
setup-component/src/validator.go:616.79,618.2 1 0
setup-component/src/validator.go:621.57,623.2 1 0
setup-component/src/validator.go:631.63,641.2 2 0
setup-component/src/validator.go:644.78,653.2 2 0
setup-component/src/validator.go:656.82,665.2 2 0
setup-component/src/validator.go:668.80,670.2 1 0
setup-component/src/validator.go:673.58,675.2 1 0
setup-component/tests/helpers/helpers.go:15.41,18.2 2 0
setup-component/tests/helpers/helpers.go:21.58,26.20 4 0
setup-component/tests/helpers/helpers.go:26.20,28.3 1 0
setup-component/tests/helpers/helpers.go:30.2,30.25 1 0
setup-component/tests/helpers/helpers.go:34.44,36.2 1 0
setup-component/tests/helpers/helpers.go:39.53,45.2 1 0
setup-component/tests/helpers/helpers.go:48.64,50.2 1 0
setup-component/tests/helpers/helpers.go:53.31,56.2 2 0
setup-component/tests/helpers/helpers.go:59.73,62.16 3 0
setup-component/tests/helpers/helpers.go:62.16,64.3 1 0
setup-component/tests/helpers/helpers.go:65.2,65.17 1 0
setup-component/tests/helpers/helpers.go:69.68,72.16 3 0
setup-component/tests/helpers/helpers.go:72.16,74.3 1 0
setup-component/tests/helpers/helpers.go:75.2,75.16 1 0
setup-component/tests/helpers/helpers.go:79.54,80.29 1 0
setup-component/tests/helpers/helpers.go:80.29,81.44 1 0
setup-component/tests/helpers/helpers.go:81.44,83.4 1 0
setup-component/tests/helpers/helpers.go:88.54,89.53 1 0
setup-component/tests/helpers/helpers.go:89.53,91.3 1 0
setup-component/tests/helpers/helpers.go:95.52,96.72 1 0
setup-component/tests/helpers/helpers.go:96.72,98.3 1 0
setup-component/tests/helpers/helpers.go:102.59,107.2 1 0
setup-component/tests/mocks/services_mock.go:12.36,14.2 1 0
setup-component/tests/mocks/services_mock.go:17.49,20.2 2 0
setup-component/tests/mocks/services_mock.go:23.53,25.2 1 0
setup-component/tests/mocks/services_mock.go:28.69,30.42 2 0
setup-component/tests/mocks/services_mock.go:30.42,32.3 1 0
setup-component/tests/mocks/services_mock.go:33.2,33.42 1 0
setup-component/tests/mocks/services_mock.go:37.62,39.2 1 0
setup-component/tests/mocks/services_mock.go:42.54,44.2 1 0
setup-component/tests/mocks/services_mock.go:50.42,52.2 1 0
setup-component/tests/mocks/services_mock.go:55.52,58.2 1 0
setup-component/tests/mocks/services_mock.go:64.40,66.2 1 0
setup-component/tests/mocks/services_mock.go:69.41,71.2 1 0
setup-component/tests/mocks/utils_mock.go:9.35,12.2 2 0
setup-component/tests/mocks/utils_mock.go:15.34,18.2 2 0
setup-component/tests/mocks/utils_mock.go:21.35,23.2 1 0
setup-component/tests/mocks/utils_mock.go:26.51,28.39 2 0
setup-component/tests/mocks/utils_mock.go:28.39,30.3 1 0
setup-component/tests/mocks/utils_mock.go:31.2,31.42 1 0
setup-component/tests/mocks/utils_mock.go:35.44,37.2 1 0
setup-component/tests/mocks/utils_mock.go:40.36,42.2 1 0
setup-component/tests/mocks/utils_mock.go:45.46,47.16 2 0
setup-component/tests/mocks/utils_mock.go:47.16,49.3 1 0
setup-component/tests/mocks/utils_mock.go:50.2,50.25 1 0
setup-component/tests/mocks/utils_mock.go:54.52,56.16 2 0
setup-component/tests/mocks/utils_mock.go:56.16,58.3 1 0
setup-component/tests/mocks/utils_mock.go:59.2,59.25 1 0
setup-component/tests/mocks/utils_mock.go:63.55,65.2 1 0
setup-component/src/configurator.go:24.57,38.2 6 23
setup-component/src/configurator.go:41.75,48.44 2 5
setup-component/src/configurator.go:48.44,50.3 1 0
setup-component/src/configurator.go:53.2,83.34 2 5
setup-component/src/configurator.go:83.35,85.3 0 0
setup-component/src/configurator.go:87.2,87.35 1 5
setup-component/src/configurator.go:87.36,89.3 0 0
setup-component/src/configurator.go:92.2,93.57 2 5
setup-component/src/configurator.go:93.57,95.3 1 0
setup-component/src/configurator.go:97.2,101.12 2 5
setup-component/src/configurator.go:105.48,122.34 5 11
setup-component/src/configurator.go:122.34,123.48 1 88
setup-component/src/configurator.go:123.48,125.4 1 0
setup-component/src/configurator.go:128.2,133.12 2 11
setup-component/src/configurator.go:137.63,143.16 4 1
setup-component/src/configurator.go:143.16,145.3 1 0
setup-component/src/configurator.go:148.2,148.79 1 1
setup-component/src/configurator.go:148.79,150.3 1 0
setup-component/src/configurator.go:152.2,158.21 2 1
setup-component/src/configurator.go:162.47,168.55 3 2
setup-component/src/configurator.go:168.55,170.3 1 1
setup-component/src/configurator.go:173.2,174.16 2 1
setup-component/src/configurator.go:174.16,176.3 1 0
setup-component/src/configurator.go:179.2,179.34 1 1
setup-component/src/configurator.go:179.34,181.3 1 0
setup-component/src/configurator.go:183.2,183.32 1 1
setup-component/src/configurator.go:183.32,185.3 1 0
setup-component/src/configurator.go:187.2,187.33 1 1
setup-component/src/configurator.go:187.33,189.3 1 0
setup-component/src/configurator.go:191.2,196.12 2 1
setup-component/src/configurator.go:200.56,208.55 3 4
setup-component/src/configurator.go:208.55,210.3 1 1
setup-component/src/configurator.go:213.2,222.16 6 3
setup-component/src/configurator.go:222.16,224.3 1 0
setup-component/src/configurator.go:227.2,227.67 1 3
setup-component/src/configurator.go:227.67,229.3 1 0
setup-component/src/configurator.go:231.2,236.12 2 3
setup-component/src/configurator.go:240.63,246.55 2 2
setup-component/src/configurator.go:246.55,248.3 1 1
setup-component/src/configurator.go:251.2,252.16 2 1
setup-component/src/configurator.go:252.16,254.3 1 0
setup-component/src/configurator.go:257.2,258.60 2 1
setup-component/src/configurator.go:258.60,260.3 1 0
setup-component/src/configurator.go:263.2,264.54 2 1
setup-component/src/configurator.go:264.54,265.55 1 1
setup-component/src/configurator.go:265.55,269.4 1 0
setup-component/src/configurator.go:273.2,273.74 1 1
setup-component/src/configurator.go:273.74,275.3 1 0
setup-component/src/configurator.go:277.2,282.12 2 1
setup-component/src/configurator.go:286.74,294.57 3 4
setup-component/src/configurator.go:294.57,296.3 1 2
setup-component/src/configurator.go:299.2,300.16 2 2
setup-component/src/configurator.go:300.16,302.3 1 0
setup-component/src/configurator.go:304.2,304.34 1 2
setup-component/src/configurator.go:308.80,316.74 3 2
setup-component/src/configurator.go:316.74,318.3 1 0
setup-component/src/configurator.go:320.2,320.12 1 2
setup-component/src/configurator.go:324.111,332.16 3 2
setup-component/src/configurator.go:332.16,334.3 1 1
setup-component/src/configurator.go:338.2,341.36 2 1
setup-component/src/configurator.go:341.36,344.3 2 2
setup-component/src/configurator.go:346.2,346.30 1 1
setup-component/src/configurator.go:350.47,352.2 1 1
setup-component/src/configurator.go:355.49,357.2 1 1
setup-component/src/configurator.go:360.58,362.16 2 2
setup-component/src/configurator.go:362.16,364.3 1 0
setup-component/src/configurator.go:366.2,367.29 2 2
setup-component/src/configurator.go:367.29,368.101 1 6
setup-component/src/configurator.go:368.101,370.4 1 4
setup-component/src/configurator.go:373.2,373.23 1 2
setup-component/src/configurator.go:379.81,382.16 2 5
setup-component/src/configurator.go:382.16,384.3 1 0
setup-component/src/configurator.go:387.2,387.55 1 5
setup-component/src/configurator.go:387.55,389.3 1 0
setup-component/src/configurator.go:391.2,391.12 1 5
setup-component/src/configurator.go:395.76,398.16 2 1
setup-component/src/configurator.go:398.16,400.3 1 0
setup-component/src/configurator.go:403.2,404.54 2 1
setup-component/src/configurator.go:404.54,406.3 1 0
setup-component/src/configurator.go:408.2,408.21 1 1
setup-component/src/configurator.go:412.81,414.34 1 0
setup-component/src/configurator.go:414.34,416.3 1 0
setup-component/src/configurator.go:418.2,418.32 1 0
setup-component/src/configurator.go:418.32,420.3 1 0
setup-component/src/configurator.go:422.2,422.33 1 0
setup-component/src/configurator.go:422.33,424.3 1 0
setup-component/src/configurator.go:427.2,427.53 1 0
setup-component/src/configurator.go:427.53,428.17 1 0
setup-component/src/configurator.go:428.17,430.4 1 0
setup-component/src/configurator.go:434.2,434.54 1 0
setup-component/src/configurator.go:434.54,435.17 1 0
setup-component/src/configurator.go:435.17,437.4 1 0
setup-component/src/configurator.go:440.2,440.12 1 0
setup-component/src/key_manager.go:24.53,33.2 4 12
setup-component/src/key_manager.go:36.81,44.19 4 5
setup-component/src/key_manager.go:45.17,46.45 1 5
setup-component/src/key_manager.go:47.10,48.77 1 0
setup-component/src/key_manager.go:51.2,51.16 1 5
setup-component/src/key_manager.go:51.16,56.3 2 0
setup-component/src/key_manager.go:58.2,64.21 2 5
setup-component/src/key_manager.go:68.87,75.16 3 5
setup-component/src/key_manager.go:75.16,79.3 1 0
setup-component/src/key_manager.go:82.2,82.27 1 5
setup-component/src/key_manager.go:82.27,89.17 4 1
setup-component/src/key_manager.go:89.17,94.4 1 0
setup-component/src/key_manager.go:94.9,96.4 1 1
setup-component/src/key_manager.go:100.2,105.16 3 4
setup-component/src/key_manager.go:105.16,107.3 1 0
setup-component/src/key_manager.go:110.2,110.71 1 4
setup-component/src/key_manager.go:110.71,112.3 1 0
setup-component/src/key_manager.go:114.2,114.21 1 4
setup-component/src/key_manager.go:118.60,121.49 2 5
setup-component/src/key_manager.go:121.49,123.3 1 1
setup-component/src/key_manager.go:125.2,125.24 1 4
setup-component/src/key_manager.go:129.85,136.22 2 5
setup-component/src/key_manager.go:136.22,138.3 1 0
setup-component/src/key_manager.go:141.2,142.16 2 5
setup-component/src/key_manager.go:142.16,144.3 1 0
setup-component/src/key_manager.go:147.2,148.80 2 5
setup-component/src/key_manager.go:148.80,150.3 1 0
setup-component/src/key_manager.go:153.2,154.77 2 5
setup-component/src/key_manager.go:154.77,158.3 2 0
setup-component/src/key_manager.go:161.2,163.16 3 5
setup-component/src/key_manager.go:163.16,168.3 3 0
setup-component/src/key_manager.go:170.2,170.67 1 5
setup-component/src/key_manager.go:170.67,175.3 3 0
setup-component/src/key_manager.go:177.2,184.12 2 5
setup-component/src/key_manager.go:188.92,198.59 5 1
setup-component/src/key_manager.go:198.59,200.3 1 0
setup-component/src/key_manager.go:202.2,202.58 1 1
setup-component/src/key_manager.go:202.58,204.3 1 0
setup-component/src/key_manager.go:207.2,208.16 2 1
setup-component/src/key_manager.go:208.16,210.3 1 0
setup-component/src/key_manager.go:213.2,214.16 2 1
setup-component/src/key_manager.go:214.16,216.3 1 0
setup-component/src/key_manager.go:219.2,220.16 2 1
setup-component/src/key_manager.go:220.16,222.3 1 0
setup-component/src/key_manager.go:225.2,226.49 2 1
setup-component/src/key_manager.go:226.49,228.17 2 1
setup-component/src/key_manager.go:228.17,230.4 1 1
setup-component/src/key_manager.go:233.2,233.21 1 1
setup-component/src/key_manager.go:233.21,235.3 1 0
setup-component/src/key_manager.go:238.2,248.60 2 1
setup-component/src/key_manager.go:248.60,249.75 1 1
setup-component/src/key_manager.go:249.75,251.4 1 1
setup-component/src/key_manager.go:254.2,254.60 1 1
setup-component/src/key_manager.go:254.60,255.75 1 1
setup-component/src/key_manager.go:255.75,257.4 1 1
setup-component/src/key_manager.go:260.2,266.21 2 1
setup-component/src/key_manager.go:270.54,276.100 2 0
setup-component/src/key_manager.go:276.100,278.3 1 0
setup-component/src/key_manager.go:281.2,282.57 2 0
setup-component/src/key_manager.go:282.57,284.3 1 0
setup-component/src/key_manager.go:287.2,288.16 2 0
setup-component/src/key_manager.go:288.16,290.3 1 0
setup-component/src/key_manager.go:293.2,293.74 1 0
setup-component/src/key_manager.go:293.74,295.3 1 0
setup-component/src/key_manager.go:297.2,303.12 2 0
setup-component/src/key_manager.go:307.62,316.59 4 0
setup-component/src/key_manager.go:316.59,318.3 1 0
setup-component/src/key_manager.go:320.2,320.58 1 0
setup-component/src/key_manager.go:320.58,322.3 1 0
setup-component/src/key_manager.go:325.2,326.16 2 0
setup-component/src/key_manager.go:326.16,328.3 1 0
setup-component/src/key_manager.go:331.2,331.34 1 0
setup-component/src/key_manager.go:331.34,333.3 1 0
setup-component/src/key_manager.go:336.2,336.54 1 0
setup-component/src/key_manager.go:336.54,338.3 1 0
setup-component/src/key_manager.go:340.2,344.12 2 0
setup-component/src/key_manager.go:348.83,355.16 3 0
setup-component/src/key_manager.go:355.16,357.3 1 0
setup-component/src/key_manager.go:360.2,361.16 2 0
setup-component/src/key_manager.go:361.16,363.3 1 0
setup-component/src/key_manager.go:365.2,370.24 2 0
setup-component/src/key_manager.go:374.79,381.61 3 0
setup-component/src/key_manager.go:381.61,383.3 1 0
setup-component/src/key_manager.go:386.2,386.62 1 0
setup-component/src/key_manager.go:386.62,388.3 1 0
setup-component/src/key_manager.go:390.2,396.12 2 0
setup-component/src/key_manager.go:400.59,404.16 3 0
setup-component/src/key_manager.go:404.16,406.3 1 0
setup-component/src/key_manager.go:408.2,412.29 3 0
setup-component/src/key_manager.go:412.29,413.59 1 0
setup-component/src/key_manager.go:413.59,416.4 2 0
setup-component/src/key_manager.go:420.2,420.28 1 0
setup-component/src/key_manager.go:420.28,426.50 4 0
setup-component/src/key_manager.go:426.50,428.18 2 0
setup-component/src/key_manager.go:428.18,430.5 1 0
setup-component/src/key_manager.go:433.3,433.22 1 0
setup-component/src/key_manager.go:433.22,435.4 1 0
setup-component/src/key_manager.go:438.3,439.17 2 0
setup-component/src/key_manager.go:439.17,440.12 1 0
setup-component/src/key_manager.go:443.3,452.61 2 0
setup-component/src/key_manager.go:452.61,453.76 1 0
setup-component/src/key_manager.go:453.76,455.5 1 0
setup-component/src/key_manager.go:458.3,458.61 1 0
setup-component/src/key_manager.go:458.61,459.76 1 0
setup-component/src/key_manager.go:459.76,461.5 1 0
setup-component/src/key_manager.go:464.3,464.31 1 0
setup-component/src/key_manager.go:467.2,471.18 2 0
setup-component/src/key_manager.go:477.72,480.16 2 5
setup-component/src/key_manager.go:480.16,482.3 1 0
setup-component/src/key_manager.go:485.2,506.21 4 5
setup-component/src/key_manager.go:510.68,513.2 2 6
setup-component/src/key_manager.go:516.46,523.2 3 5
setup-component/src/key_manager.go:526.95,530.2 1 5
setup-component/src/key_manager.go:533.104,537.2 1 1
setup-component/src/key_manager.go:540.66,551.58 7 0
setup-component/src/key_manager.go:551.58,553.3 1 0
setup-component/src/key_manager.go:556.2,556.57 1 0
setup-component/src/key_manager.go:556.57,558.3 1 0
setup-component/src/key_manager.go:561.2,561.56 1 0
setup-component/src/key_manager.go:561.56,563.3 1 0
setup-component/src/key_manager.go:565.2,565.12 1 0
setup-component/src/logger.go:25.36,37.16 7 35
setup-component/src/logger.go:37.16,40.3 1 0
setup-component/src/logger.go:42.2,48.3 1 35
setup-component/src/logger.go:52.49,54.2 1 2
setup-component/src/logger.go:57.45,59.2 1 0
setup-component/src/logger.go:62.74,63.14 1 109
setup-component/src/logger.go:63.14,65.3 1 0
setup-component/src/logger.go:67.2,77.16 3 109
setup-component/src/logger.go:77.16,79.18 2 0
setup-component/src/logger.go:79.18,80.33 1 0
setup-component/src/logger.go:80.33,82.5 1 0
setup-component/src/logger.go:88.76,99.15 3 13
setup-component/src/logger.go:99.15,101.35 2 13
setup-component/src/logger.go:101.35,102.36 1 0
setup-component/src/logger.go:102.36,104.5 1 0
setup-component/src/logger.go:110.80,111.14 1 4
setup-component/src/logger.go:111.14,113.3 1 0
setup-component/src/logger.go:115.2,125.31 4 4
setup-component/src/logger.go:125.31,126.32 1 0
setup-component/src/logger.go:126.32,128.4 1 0
setup-component/src/logger.go:133.77,134.14 1 18
setup-component/src/logger.go:134.14,136.3 1 0
setup-component/src/logger.go:138.2,147.16 3 18
setup-component/src/logger.go:147.16,149.18 2 0
setup-component/src/logger.go:149.18,150.33 1 0
setup-component/src/logger.go:150.33,152.5 1 0
setup-component/src/logger.go:158.78,159.29 1 19
setup-component/src/logger.go:159.29,161.3 1 19
setup-component/src/logger.go:163.2,173.17 4 0
setup-component/src/logger.go:173.17,174.32 1 0
setup-component/src/logger.go:174.32,176.4 1 0
setup-component/src/logger.go:181.75,182.16 1 3
setup-component/src/logger.go:183.14,184.39 1 1
setup-component/src/logger.go:185.13,186.38 1 1
setup-component/src/logger.go:187.13,188.39 1 1
setup-component/src/logger.go:189.10,190.74 1 0
setup-component/src/logger.go:195.61,197.23 1 144
setup-component/src/logger.go:197.23,199.3 1 30
setup-component/src/logger.go:200.2,206.16 5 144
setup-component/src/logger.go:206.16,213.3 2 0
setup-component/src/logger.go:216.2,217.19 2 144
setup-component/src/logger.go:221.64,224.16 2 1
setup-component/src/logger.go:224.16,226.3 1 0
setup-component/src/logger.go:229.2,229.48 1 1
setup-component/src/logger.go:233.63,236.16 2 1
setup-component/src/logger.go:236.16,238.3 1 0
setup-component/src/logger.go:239.2,246.16 4 1
setup-component/src/logger.go:246.16,248.3 1 0
setup-component/src/logger.go:250.2,251.29 2 1
setup-component/src/logger.go:251.29,252.17 1 5
setup-component/src/logger.go:252.17,253.12 1 1
setup-component/src/logger.go:256.3,257.62 2 4
setup-component/src/logger.go:257.62,258.12 1 0
setup-component/src/logger.go:262.3,267.28 1 4
setup-component/src/logger.go:270.2,270.12 1 1
setup-component/src/logger.go:274.64,277.16 2 1
setup-component/src/logger.go:277.16,279.3 1 0
setup-component/src/logger.go:282.2,284.29 3 1
setup-component/src/logger.go:284.29,285.17 1 7
setup-component/src/logger.go:285.17,286.12 1 1
setup-component/src/logger.go:289.3,290.62 2 6
setup-component/src/logger.go:290.62,291.12 1 0
setup-component/src/logger.go:294.3,299.23 2 6
setup-component/src/logger.go:299.23,301.4 1 0
setup-component/src/logger.go:303.3,303.24 1 6
setup-component/src/logger.go:303.24,305.4 1 3
setup-component/src/logger.go:307.3,307.47 1 6
setup-component/src/logger.go:307.47,309.39 2 6
setup-component/src/logger.go:309.39,311.5 1 24
setup-component/src/logger.go:314.3,314.21 1 6
setup-component/src/logger.go:317.2,317.59 1 1
setup-component/src/logger.go:321.38,322.50 1 25
setup-component/src/logger.go:322.50,324.3 1 25
setup-component/src/logger.go:325.2,325.12 1 0
setup-component/src/logger.go:329.43,331.35 1 1
setup-component/src/logger.go:331.35,333.3 1 0
setup-component/src/logger.go:336.2,340.16 4 1
setup-component/src/logger.go:340.16,342.3 1 0
setup-component/src/logger.go:344.2,347.12 3 1
setup-component/src/logger.go:351.37,353.2 1 36
setup-component/src/logger.go:356.33,357.13 1 8
setup-component/src/logger.go:357.13,359.3 1 2
setup-component/src/logger.go:362.2,363.10 2 6
setup-component/src/setup.go:50.47,60.2 2 10
setup-component/src/setup.go:63.60,65.20 1 11
setup-component/src/setup.go:65.20,67.3 1 1
setup-component/src/setup.go:69.2,75.16 3 10
setup-component/src/setup.go:75.16,77.3 1 0
setup-component/src/setup.go:79.2,79.43 1 10
setup-component/src/setup.go:79.43,89.3 2 5
setup-component/src/setup.go:92.2,92.58 1 5
setup-component/src/setup.go:92.58,94.3 1 0
setup-component/src/setup.go:97.2,98.16 2 5
setup-component/src/setup.go:98.16,100.3 1 0
setup-component/src/setup.go:103.2,106.17 1 5
setup-component/src/setup.go:106.17,108.3 1 0
setup-component/src/setup.go:111.2,121.57 2 5
setup-component/src/setup.go:121.57,123.3 1 0
setup-component/src/setup.go:125.2,129.12 2 5
setup-component/src/setup.go:133.69,138.16 3 0
setup-component/src/setup.go:138.16,143.3 2 0
setup-component/src/setup.go:146.2,147.16 2 0
setup-component/src/setup.go:147.16,152.3 2 0
setup-component/src/setup.go:155.2,156.16 2 0
setup-component/src/setup.go:156.16,161.3 2 0
setup-component/src/setup.go:164.2,165.16 2 0
setup-component/src/setup.go:165.16,170.3 2 0
setup-component/src/setup.go:173.2,188.20 3 0
setup-component/src/setup.go:192.62,196.16 3 0
setup-component/src/setup.go:196.16,201.3 2 0
setup-component/src/setup.go:203.2,208.27 2 0
setup-component/src/setup.go:212.51,213.14 1 0
setup-component/src/setup.go:213.14,215.3 1 0
setup-component/src/setup.go:217.2,222.46 4 0
setup-component/src/setup.go:222.46,223.46 1 0
setup-component/src/setup.go:223.46,228.4 1 0
setup-component/src/setup.go:228.9,232.4 1 0
setup-component/src/setup.go:236.2,239.46 3 0
setup-component/src/setup.go:239.46,240.49 1 0
setup-component/src/setup.go:240.49,245.4 1 0
setup-component/src/setup.go:245.9,249.4 1 0
setup-component/src/setup.go:253.2,254.44 2 0
setup-component/src/setup.go:254.44,255.47 1 0
setup-component/src/setup.go:255.47,260.4 1 0
setup-component/src/setup.go:260.9,264.4 1 0
setup-component/src/setup.go:267.2,269.12 2 0
setup-component/src/setup.go:273.40,277.58 2 1
setup-component/src/setup.go:277.58,281.3 1 1
setup-component/src/setup.go:286.2,290.12 3 1
setup-component/src/setup.go:294.70,299.2 2 6
setup-component/src/setup.go:302.74,307.16 3 0
setup-component/src/setup.go:307.16,309.3 1 0
setup-component/src/setup.go:310.2,314.70 3 0
setup-component/src/setup.go:314.70,316.21 1 0
setup-component/src/setup.go:316.21,322.42 6 0
setup-component/src/setup.go:322.42,330.5 2 0
setup-component/src/setup.go:334.3,336.70 3 0
setup-component/src/setup.go:336.70,338.4 1 0
setup-component/src/setup.go:338.9,340.4 1 0
setup-component/src/setup.go:343.3,347.54 4 0
setup-component/src/setup.go:347.54,349.72 2 0
setup-component/src/setup.go:349.72,351.5 1 0
setup-component/src/setup.go:351.10,358.5 6 0
setup-component/src/setup.go:363.2,376.50 2 0
setup-component/src/setup.go:376.50,378.90 1 0
setup-component/src/setup.go:378.90,381.52 3 0
setup-component/src/setup.go:381.52,389.5 1 0
setup-component/src/setup.go:390.9,398.4 1 0
setup-component/src/setup.go:402.2,412.8 3 0
setup-component/src/setup.go:416.75,421.16 3 0
setup-component/src/setup.go:421.16,423.3 1 0
setup-component/src/setup.go:424.2,428.16 3 0
setup-component/src/setup.go:428.16,430.89 1 0
setup-component/src/setup.go:430.89,432.110 1 0
setup-component/src/setup.go:432.110,439.5 1 0
setup-component/src/setup.go:443.3,449.9 1 0
setup-component/src/setup.go:453.2,453.48 1 0
setup-component/src/setup.go:453.48,460.3 1 0
setup-component/src/setup.go:463.2,467.55 3 0
setup-component/src/setup.go:467.55,474.3 1 0
setup-component/src/setup.go:477.2,484.8 1 0
setup-component/src/setup.go:488.74,493.16 3 0
setup-component/src/setup.go:493.16,495.3 1 0
setup-component/src/setup.go:496.2,500.16 3 0
setup-component/src/setup.go:500.16,508.3 1 0
setup-component/src/setup.go:511.2,516.8 1 0
setup-component/src/setup.go:520.36,522.16 2 0
setup-component/src/setup.go:522.16,525.3 1 0
setup-component/src/setup.go:527.2,527.22 1 0
setup-component/src/setup.go:528.17,529.44 1 0
setup-component/src/setup.go:530.25,531.45 1 0
setup-component/src/setup.go:532.10,533.45 1 0
setup-component/src/setup.go:542.57,555.2 2 0
setup-component/src/setup.go:558.35,562.55 1 0
setup-component/src/setup.go:562.55,564.3 1 0
setup-component/src/setup.go:567.2,567.57 1 0
setup-component/src/setup.go:567.57,569.3 1 0
setup-component/src/setup.go:573.2,573.13 1 0
setup-component/src/setup.go:577.89,579.34 2 0
setup-component/src/setup.go:579.34,581.3 1 0
setup-component/src/setup.go:584.2,585.50 2 0
setup-component/src/setup.go:585.50,587.3 1 0
setup-component/src/setup.go:589.2,590.49 2 0
setup-component/src/setup.go:590.49,592.3 1 0
setup-component/src/setup.go:594.2,595.44 2 0
setup-component/src/setup.go:595.44,597.3 1 0
setup-component/src/setup.go:599.2,606.3 1 0
setup-component/src/setup.go:610.43,612.47 1 0
setup-component/src/setup.go:612.47,614.3 1 0
setup-component/src/setup.go:617.2,618.16 2 0
setup-component/src/setup.go:618.16,620.3 1 0
setup-component/src/setup.go:623.2,623.32 1 0
setup-component/src/setup.go:623.32,627.20 3 0
setup-component/src/setup.go:627.20,629.58 1 0
setup-component/src/setup.go:629.58,631.5 1 0
setup-component/src/setup.go:632.9,634.53 1 0
setup-component/src/setup.go:634.53,636.5 1 0
setup-component/src/setup.go:640.2,640.12 1 0
setup-component/src/setup.go:644.38,647.16 2 0
setup-component/src/setup.go:647.16,649.3 1 0
setup-component/src/setup.go:650.2,654.16 3 0
setup-component/src/setup.go:654.16,656.3 1 0
setup-component/src/setup.go:657.2,661.16 3 0
setup-component/src/setup.go:661.16,663.3 1 0
setup-component/src/setup.go:666.2,666.23 1 0
setup-component/src/setup.go:670.65,672.54 1 0
setup-component/src/setup.go:672.54,674.3 1 0
setup-component/src/setup.go:677.2,678.16 2 0
setup-component/src/setup.go:678.16,680.3 1 0
setup-component/src/setup.go:683.2,683.32 1 0
setup-component/src/setup.go:683.32,684.49 1 0
setup-component/src/setup.go:684.49,688.58 3 0
setup-component/src/setup.go:688.58,690.5 1 0
setup-component/src/setup.go:694.2,694.12 1 0
setup-component/src/state_manager.go:23.57,33.2 4 10
setup-component/src/state_manager.go:36.64,45.57 4 0
setup-component/src/state_manager.go:45.57,50.3 2 0
setup-component/src/state_manager.go:53.2,54.16 2 0
setup-component/src/state_manager.go:54.16,56.3 1 0
setup-component/src/state_manager.go:59.2,60.53 2 0
setup-component/src/state_manager.go:60.53,62.3 1 0
setup-component/src/state_manager.go:64.2,69.20 2 0
setup-component/src/state_manager.go:73.66,87.16 6 5
setup-component/src/state_manager.go:87.16,89.3 1 0
setup-component/src/state_manager.go:92.2,95.59 2 5
setup-component/src/state_manager.go:95.59,97.3 1 0
setup-component/src/state_manager.go:100.2,100.58 1 5
setup-component/src/state_manager.go:100.58,104.3 2 0
setup-component/src/state_manager.go:106.2,111.12 2 5
setup-component/src/state_manager.go:115.81,123.16 5 0
setup-component/src/state_manager.go:123.16,125.3 1 0
setup-component/src/state_manager.go:128.2,128.38 1 0
setup-component/src/state_manager.go:128.38,130.3 1 0
setup-component/src/state_manager.go:133.2,133.34 1 0
setup-component/src/state_manager.go:137.56,147.16 5 0
setup-component/src/state_manager.go:147.16,149.3 1 0
setup-component/src/state_manager.go:152.2,161.16 6 0
setup-component/src/state_manager.go:161.16,163.3 1 0
setup-component/src/state_manager.go:166.2,166.61 1 0
setup-component/src/state_manager.go:166.61,168.3 1 0
setup-component/src/state_manager.go:171.2,183.12 3 0
setup-component/src/state_manager.go:187.63,196.55 4 0
setup-component/src/state_manager.go:196.55,198.3 1 0
setup-component/src/state_manager.go:201.2,202.16 2 0
setup-component/src/state_manager.go:202.16,204.3 1 0
setup-component/src/state_manager.go:207.2,208.53 2 0
setup-component/src/state_manager.go:208.53,210.3 1 0
setup-component/src/state_manager.go:213.2,213.51 1 0
setup-component/src/state_manager.go:213.51,215.3 1 0
setup-component/src/state_manager.go:217.2,223.12 2 0
setup-component/src/state_manager.go:227.49,235.16 5 1
setup-component/src/state_manager.go:235.16,237.3 1 1
setup-component/src/state_manager.go:240.2,240.25 1 0
setup-component/src/state_manager.go:240.25,242.3 1 0
setup-component/src/state_manager.go:244.2,244.30 1 0
setup-component/src/state_manager.go:244.30,246.3 1 0
setup-component/src/state_manager.go:248.2,248.24 1 0
setup-component/src/state_manager.go:248.24,250.3 1 0
setup-component/src/state_manager.go:253.2,253.49 1 0
setup-component/src/state_manager.go:253.49,255.3 1 0
setup-component/src/state_manager.go:257.2,262.12 2 0
setup-component/src/state_manager.go:266.47,268.2 1 0
setup-component/src/state_manager.go:271.48,273.2 1 0
setup-component/src/state_manager.go:276.67,280.54 2 0
setup-component/src/state_manager.go:280.54,282.3 1 0
setup-component/src/state_manager.go:285.2,286.16 2 0
setup-component/src/state_manager.go:286.16,288.3 1 0
setup-component/src/state_manager.go:290.2,291.29 2 0
setup-component/src/state_manager.go:291.29,292.43 1 0
setup-component/src/state_manager.go:292.43,295.18 3 0
setup-component/src/state_manager.go:295.18,296.13 1 0
setup-component/src/state_manager.go:299.4,304.6 1 0
setup-component/src/state_manager.go:308.2,308.21 1 0
setup-component/src/state_manager.go:312.68,318.16 3 0
setup-component/src/state_manager.go:318.16,320.3 1 0
setup-component/src/state_manager.go:322.2,325.33 3 0
setup-component/src/state_manager.go:325.33,326.42 1 0
setup-component/src/state_manager.go:326.42,327.49 1 0
setup-component/src/state_manager.go:327.49,332.5 1 0
setup-component/src/state_manager.go:332.10,334.5 1 0
setup-component/src/state_manager.go:338.2,342.12 2 0
setup-component/src/state_manager.go:348.70,350.57 1 1
setup-component/src/state_manager.go:350.57,352.3 1 1
setup-component/src/state_manager.go:355.2,356.16 2 0
setup-component/src/state_manager.go:356.16,358.3 1 0
setup-component/src/state_manager.go:361.2,362.53 2 0
setup-component/src/state_manager.go:362.53,364.3 1 0
setup-component/src/state_manager.go:366.2,366.20 1 0
setup-component/src/state_manager.go:370.72,376.16 3 0
setup-component/src/state_manager.go:376.16,378.3 1 0
setup-component/src/state_manager.go:381.2,384.59 2 0
setup-component/src/state_manager.go:384.59,386.3 1 0
setup-component/src/state_manager.go:389.2,389.58 1 0
setup-component/src/state_manager.go:389.58,393.3 2 0
setup-component/src/state_manager.go:395.2,395.12 1 0
setup-component/src/validator.go:18.51,23.2 1 10
setup-component/src/validator.go:26.60,27.22 1 10
setup-component/src/validator.go:28.17,29.43 1 0
setup-component/src/validator.go:30.15,31.41 1 10
setup-component/src/validator.go:32.16,33.42 1 0
setup-component/src/validator.go:34.10,35.43 1 0
setup-component/src/validator.go:40.75,45.16 3 10
setup-component/src/validator.go:45.16,50.3 2 0
setup-component/src/validator.go:53.2,54.16 2 10
setup-component/src/validator.go:54.16,59.3 2 0
setup-component/src/validator.go:62.2,63.16 2 10
setup-component/src/validator.go:63.16,68.3 2 0
setup-component/src/validator.go:71.2,82.16 3 10
setup-component/src/validator.go:82.16,87.3 2 0
setup-component/src/validator.go:88.2,98.21 3 10
setup-component/src/validator.go:102.77,116.35 4 0
setup-component/src/validator.go:116.35,117.35 1 0
setup-component/src/validator.go:117.35,119.4 1 0
setup-component/src/validator.go:119.9,121.4 1 0
setup-component/src/validator.go:124.2,130.20 2 0
setup-component/src/validator.go:134.67,146.34 3 0
setup-component/src/validator.go:146.34,149.3 2 0
setup-component/src/validator.go:152.2,168.25 5 0
setup-component/src/validator.go:172.76,184.27 3 0
setup-component/src/validator.go:184.27,186.3 1 0
setup-component/src/validator.go:186.8,188.3 1 0
setup-component/src/validator.go:191.2,191.26 1 0
setup-component/src/validator.go:191.26,193.3 1 0
setup-component/src/validator.go:193.8,195.3 1 0
setup-component/src/validator.go:198.2,198.28 1 0
setup-component/src/validator.go:198.28,200.3 1 0
setup-component/src/validator.go:200.8,202.3 1 0
setup-component/src/validator.go:205.2,205.24 1 0
setup-component/src/validator.go:205.24,207.3 1 0
setup-component/src/validator.go:207.8,209.3 1 0
setup-component/src/validator.go:211.2,219.20 2 0
setup-component/src/validator.go:223.69,229.31 3 0
setup-component/src/validator.go:229.31,230.27 1 0
setup-component/src/validator.go:230.27,231.44 1 0
setup-component/src/validator.go:231.44,236.5 1 0
setup-component/src/validator.go:236.10,241.5 2 0
setup-component/src/validator.go:245.2,250.12 2 0
setup-component/src/validator.go:254.68,265.16 4 0
setup-component/src/validator.go:265.16,272.3 2 0
setup-component/src/validator.go:272.8,274.3 1 0
setup-component/src/validator.go:277.2,278.16 2 0
setup-component/src/validator.go:278.16,280.3 1 0
setup-component/src/validator.go:280.8,282.28 2 0
setup-component/src/validator.go:282.28,284.4 1 0
setup-component/src/validator.go:288.2,289.16 2 0
setup-component/src/validator.go:289.16,291.3 1 0
setup-component/src/validator.go:291.8,293.27 2 0
setup-component/src/validator.go:293.27,295.4 1 0
setup-component/src/validator.go:299.2,300.16 2 0
setup-component/src/validator.go:300.16,302.3 1 0
setup-component/src/validator.go:302.8,304.34 2 0
setup-component/src/validator.go:304.34,305.45 1 0
setup-component/src/validator.go:305.45,307.5 1 0
setup-component/src/validator.go:312.2,312.28 1 0
setup-component/src/validator.go:312.28,314.3 1 0
setup-component/src/validator.go:316.2,322.20 2 0
setup-component/src/validator.go:328.66,329.22 1 0
setup-component/src/validator.go:330.17,335.4 1 0
setup-component/src/validator.go:336.15,342.4 1 0
setup-component/src/validator.go:343.16,347.4 1 0
setup-component/src/validator.go:348.10,349.30 1 0
setup-component/src/validator.go:354.70,356.18 1 0
setup-component/src/validator.go:357.20,358.35 1 0
setup-component/src/validator.go:359.14,360.29 1 0
setup-component/src/validator.go:361.14,362.29 1 0
setup-component/src/validator.go:363.13,364.28 1 0
setup-component/src/validator.go:365.19,366.34 1 0
setup-component/src/validator.go:367.10,368.15 1 0
setup-component/src/validator.go:373.53,376.2 1 0
setup-component/src/validator.go:379.46,382.2 1 0
setup-component/src/validator.go:385.45,388.2 1 0
setup-component/src/validator.go:391.48,394.2 1 0
setup-component/src/validator.go:397.46,400.2 1 0
setup-component/src/validator.go:403.45,406.2 1 0
setup-component/src/validator.go:409.47,412.2 1 0
setup-component/src/validator.go:415.43,418.2 1 0
setup-component/src/validator.go:421.67,424.2 1 0
setup-component/src/validator.go:427.65,430.2 1 0
setup-component/src/validator.go:434.50,437.2 1 0
setup-component/src/validator.go:439.44,442.2 1 0
setup-component/src/validator.go:444.44,447.2 1 0
setup-component/src/validator.go:449.43,452.2 1 0
setup-component/src/validator.go:454.49,457.2 1 0
setup-component/src/validator.go:460.39,463.2 1 10
setup-component/src/validator.go:473.63,485.2 3 0
setup-component/src/validator.go:488.78,497.2 2 0
setup-component/src/validator.go:500.82,509.2 2 0
setup-component/src/validator.go:512.80,514.2 1 0
setup-component/src/validator.go:517.58,519.2 1 0
setup-component/src/validator.go:527.61,537.2 2 10
setup-component/src/validator.go:540.76,549.2 2 10
setup-component/src/validator.go:552.80,561.2 2 10
setup-component/src/validator.go:564.78,566.2 1 0
setup-component/src/validator.go:569.56,571.2 1 0
setup-component/src/validator.go:579.62,589.2 2 0
setup-component/src/validator.go:592.77,601.2 2 0
setup-component/src/validator.go:604.81,613.2 2 0
setup-component/src/validator.go:616.79,618.2 1 0
setup-component/src/validator.go:621.57,623.2 1 0
setup-component/src/validator.go:631.63,641.2 2 0
setup-component/src/validator.go:644.78,653.2 2 0
setup-component/src/validator.go:656.82,665.2 2 0
setup-component/src/validator.go:668.80,670.2 1 0
setup-component/src/validator.go:673.58,675.2 1 0
setup-component/src/internal/types/errors.go:44.37,46.2 1 21
setup-component/src/internal/types/errors.go:49.37,51.2 1 0
setup-component/src/internal/types/errors.go:54.67,63.2 1 10
setup-component/src/internal/types/errors.go:66.77,69.2 2 5
setup-component/src/internal/types/errors.go:72.68,75.2 2 5
setup-component/src/internal/types/errors.go:78.72,81.2 2 5
setup-component/src/internal/types/errors.go:86.52,92.2 1 0
setup-component/src/internal/types/errors.go:95.68,105.2 1 0
setup-component/src/internal/types/errors.go:108.63,118.2 1 0
setup-component/src/internal/types/errors.go:121.73,131.2 1 0
setup-component/src/internal/types/errors.go:134.71,144.2 1 0
setup-component/src/internal/types/errors.go:147.59,157.2 1 0
setup-component/src/internal/types/errors.go:160.68,170.2 1 1
setup-component/src/internal/types/errors.go:173.54,183.2 1 0
setup-component/src/internal/types/errors.go:186.52,196.2 1 1
setup-component/src/internal/types/errors.go:199.53,209.2 1 1
setup-component/src/internal/types/errors.go:212.69,223.2 2 5
setup-component/src/internal/types/errors.go:226.56,236.2 1 0
setup-component/src/internal/types/errors.go:239.70,249.2 1 0
setup-component/src/internal/types/errors.go:252.70,262.2 1 0
setup-component/src/internal/types/errors.go:265.64,275.2 1 0
setup-component/src/internal/types/errors.go:278.65,288.2 1 0
setup-component/src/internal/types/errors.go:291.49,301.2 1 0
setup-component/src/internal/types/errors.go:304.49,314.2 1 1
setup-component/src/internal/types/errors.go:317.72,327.2 1 1
setup-component/src/internal/types/errors.go:330.72,340.2 1 0
setup-component/src/internal/types/errors.go:343.71,353.2 1 0
setup-component/tests/mocks/services_mock.go:12.36,14.2 1 5
setup-component/tests/mocks/services_mock.go:17.49,20.2 2 2
setup-component/tests/mocks/services_mock.go:23.53,25.2 1 3
setup-component/tests/mocks/services_mock.go:28.69,30.42 2 3
setup-component/tests/mocks/services_mock.go:30.42,32.3 1 0
setup-component/tests/mocks/services_mock.go:33.2,33.42 1 3
setup-component/tests/mocks/services_mock.go:37.62,39.2 1 3
setup-component/tests/mocks/services_mock.go:42.54,44.2 1 2
setup-component/tests/mocks/services_mock.go:50.42,52.2 1 0
setup-component/tests/mocks/services_mock.go:55.52,58.2 1 0
setup-component/tests/mocks/services_mock.go:64.40,66.2 1 0
setup-component/tests/mocks/services_mock.go:69.41,71.2 1 0
setup-component/tests/mocks/utils_mock.go:9.35,12.2 2 0
setup-component/tests/mocks/utils_mock.go:15.34,18.2 2 0
setup-component/tests/mocks/utils_mock.go:21.35,23.2 1 0
setup-component/tests/mocks/utils_mock.go:26.51,28.39 2 0
setup-component/tests/mocks/utils_mock.go:28.39,30.3 1 0
setup-component/tests/mocks/utils_mock.go:31.2,31.42 1 0
setup-component/tests/mocks/utils_mock.go:35.44,37.2 1 0
setup-component/tests/mocks/utils_mock.go:40.36,42.2 1 0
setup-component/tests/mocks/utils_mock.go:45.46,47.16 2 0
setup-component/tests/mocks/utils_mock.go:47.16,49.3 1 0
setup-component/tests/mocks/utils_mock.go:50.2,50.25 1 0
setup-component/tests/mocks/utils_mock.go:54.52,56.16 2 0
setup-component/tests/mocks/utils_mock.go:56.16,58.3 1 0
setup-component/tests/mocks/utils_mock.go:59.2,59.25 1 0
setup-component/tests/mocks/utils_mock.go:63.55,65.2 1 0
